{"/home/travis/build/npmtest/node-npmtest-riot/test.js":{"path":"/home/travis/build/npmtest/node-npmtest-riot/test.js","s":{"1":2,"2":2,"3":2,"4":2,"5":2,"6":2,"7":2,"8":1,"9":2,"10":2,"11":1,"12":1,"13":1,"14":1,"15":2,"16":2,"17":2,"18":2,"19":1,"20":1,"21":2,"22":2,"23":2,"24":1,"25":1,"26":1,"27":1,"28":1,"29":1,"30":1,"31":1,"32":1,"33":1,"34":1,"35":1,"36":1,"37":2,"38":2,"39":1,"40":2,"41":2,"42":1,"43":2,"44":2,"45":1,"46":2,"47":2,"48":1,"49":1,"50":1,"51":1,"52":1},"b":{"1":[2,1,1,1],"2":[1,1,1,1],"3":[1,1],"4":[1,1],"5":[1,1],"6":[1,1],"7":[1,1],"8":[1,1],"9":[1,1,1],"10":[1,1],"11":[1,1],"12":[1,1],"13":[1,1],"14":[1,1],"15":[1,1],"16":[1,1]},"f":{"1":2,"2":2,"3":2,"4":2,"5":2,"6":1,"7":1,"8":2,"9":2,"10":2,"11":2,"12":1},"fnMap":{"1":{"name":"(anonymous_1)","line":12,"loc":{"start":{"line":12,"column":1},"end":{"line":12,"column":13}}},"2":{"name":"(anonymous_2)","line":19,"loc":{"start":{"line":19,"column":5},"end":{"line":19,"column":17}}},"3":{"name":"(anonymous_3)","line":23,"loc":{"start":{"line":23,"column":24},"end":{"line":23,"column":36}}},"4":{"name":"(anonymous_4)","line":61,"loc":{"start":{"line":61,"column":5},"end":{"line":61,"column":17}}},"5":{"name":"(anonymous_5)","line":82,"loc":{"start":{"line":82,"column":5},"end":{"line":82,"column":17}}},"6":{"name":"(anonymous_6)","line":102,"loc":{"start":{"line":102,"column":83},"end":{"line":105,"column":10}},"skip":true},"7":{"name":"(anonymous_7)","line":113,"loc":{"start":{"line":113,"column":77},"end":{"line":116,"column":10}},"skip":true},"8":{"name":"(anonymous_8)","line":129,"loc":{"start":{"line":129,"column":12},"end":{"line":129,"column":40}},"skip":true},"9":{"name":"(anonymous_9)","line":137,"loc":{"start":{"line":137,"column":77},"end":{"line":140,"column":10}},"skip":true},"10":{"name":"(anonymous_10)","line":148,"loc":{"start":{"line":148,"column":83},"end":{"line":151,"column":10}},"skip":true},"11":{"name":"(anonymous_11)","line":159,"loc":{"start":{"line":159,"column":79},"end":{"line":162,"column":10}},"skip":true},"12":{"name":"(anonymous_12)","line":170,"loc":{"start":{"line":170,"column":75},"end":{"line":173,"column":10}},"skip":true}},"statementMap":{"1":{"start":{"line":12,"column":0},"end":{"line":185,"column":5}},"2":{"start":{"line":14,"column":4},"end":{"line":14,"column":14}},"3":{"start":{"line":19,"column":4},"end":{"line":56,"column":9}},"4":{"start":{"line":21,"column":8},"end":{"line":21,"column":19}},"5":{"start":{"line":23,"column":8},"end":{"line":35,"column":13}},"6":{"start":{"line":24,"column":12},"end":{"line":34,"column":13}},"7":{"start":{"line":25,"column":16},"end":{"line":28,"column":30}},"8":{"start":{"line":30,"column":16},"end":{"line":33,"column":27}},"9":{"start":{"line":37,"column":8},"end":{"line":39,"column":21}},"10":{"start":{"line":40,"column":8},"end":{"line":53,"column":9}},"11":{"start":{"line":43,"column":12},"end":{"line":46,"column":14}},"12":{"start":{"line":47,"column":12},"end":{"line":47,"column":18}},"13":{"start":{"line":50,"column":12},"end":{"line":51,"column":46}},"14":{"start":{"line":52,"column":12},"end":{"line":52,"column":18}},"15":{"start":{"line":55,"column":8},"end":{"line":55,"column":35}},"16":{"start":{"line":61,"column":4},"end":{"line":63,"column":9}},"17":{"start":{"line":62,"column":8},"end":{"line":62,"column":15}},"18":{"start":{"line":64,"column":4},"end":{"line":77,"column":5}},"19":{"start":{"line":70,"column":8},"end":{"line":70,"column":14}},"20":{"start":{"line":76,"column":8},"end":{"line":76,"column":14}},"21":{"start":{"line":82,"column":4},"end":{"line":84,"column":9}},"22":{"start":{"line":83,"column":8},"end":{"line":83,"column":15}},"23":{"start":{"line":85,"column":4},"end":{"line":184,"column":5}},"24":{"start":{"line":92,"column":8},"end":{"line":94,"column":63}},"25":{"start":{"line":95,"column":8},"end":{"line":95,"column":14}},"26":{"start":{"line":102,"column":8},"end":{"line":111,"column":10},"skip":true},"27":{"start":{"line":109,"column":12},"end":{"line":109,"column":55},"skip":true},"28":{"start":{"line":110,"column":12},"end":{"line":110,"column":48},"skip":true},"29":{"start":{"line":113,"column":8},"end":{"line":126,"column":10},"skip":true},"30":{"start":{"line":120,"column":12},"end":{"line":120,"column":76},"skip":true},"31":{"start":{"line":121,"column":12},"end":{"line":121,"column":73},"skip":true},"32":{"start":{"line":122,"column":12},"end":{"line":122,"column":74},"skip":true},"33":{"start":{"line":123,"column":12},"end":{"line":123,"column":79},"skip":true},"34":{"start":{"line":124,"column":12},"end":{"line":124,"column":25},"skip":true},"35":{"start":{"line":125,"column":12},"end":{"line":125,"column":45},"skip":true},"36":{"start":{"line":128,"column":8},"end":{"line":135,"column":14},"skip":true},"37":{"start":{"line":133,"column":16},"end":{"line":133,"column":29},"skip":true},"38":{"start":{"line":134,"column":16},"end":{"line":134,"column":55},"skip":true},"39":{"start":{"line":137,"column":8},"end":{"line":146,"column":10},"skip":true},"40":{"start":{"line":144,"column":12},"end":{"line":144,"column":25},"skip":true},"41":{"start":{"line":145,"column":12},"end":{"line":145,"column":45},"skip":true},"42":{"start":{"line":148,"column":8},"end":{"line":157,"column":10},"skip":true},"43":{"start":{"line":155,"column":12},"end":{"line":155,"column":25},"skip":true},"44":{"start":{"line":156,"column":12},"end":{"line":156,"column":48},"skip":true},"45":{"start":{"line":159,"column":8},"end":{"line":168,"column":10},"skip":true},"46":{"start":{"line":166,"column":12},"end":{"line":166,"column":25},"skip":true},"47":{"start":{"line":167,"column":12},"end":{"line":167,"column":46},"skip":true},"48":{"start":{"line":170,"column":8},"end":{"line":179,"column":10},"skip":true},"49":{"start":{"line":177,"column":12},"end":{"line":177,"column":94},"skip":true},"50":{"start":{"line":178,"column":12},"end":{"line":178,"column":48},"skip":true},"51":{"start":{"line":182,"column":8},"end":{"line":182,"column":35},"skip":true},"52":{"start":{"line":183,"column":8},"end":{"line":183,"column":14},"skip":true}},"branchMap":{"1":{"line":25,"type":"binary-expr","locations":[{"start":{"line":25,"column":23},"end":{"line":25,"column":62}},{"start":{"line":26,"column":20},"end":{"line":26,"column":70}},{"start":{"line":27,"column":20},"end":{"line":27,"column":71}},{"start":{"line":28,"column":20},"end":{"line":28,"column":29}}]},"2":{"line":30,"type":"binary-expr","locations":[{"start":{"line":30,"column":23},"end":{"line":30,"column":37}},{"start":{"line":31,"column":20},"end":{"line":31,"column":61}},{"start":{"line":32,"column":20},"end":{"line":32,"column":70}},{"start":{"line":33,"column":20},"end":{"line":33,"column":26}}]},"3":{"line":37,"type":"cond-expr","locations":[{"start":{"line":38,"column":14},"end":{"line":38,"column":20}},{"start":{"line":39,"column":14},"end":{"line":39,"column":20}}]},"4":{"line":40,"type":"switch","locations":[{"start":{"line":42,"column":8},"end":{"line":47,"column":18}},{"start":{"line":49,"column":8},"end":{"line":52,"column":18}}]},"5":{"line":44,"type":"binary-expr","locations":[{"start":{"line":44,"column":16},"end":{"line":44,"column":44}},{"start":{"line":44,"column":48},"end":{"line":44,"column":66}}]},"6":{"line":50,"type":"binary-expr","locations":[{"start":{"line":50,"column":21},"end":{"line":50,"column":49}},{"start":{"line":50,"column":53},"end":{"line":50,"column":72}}]},"7":{"line":64,"type":"switch","locations":[{"start":{"line":69,"column":4},"end":{"line":70,"column":14}},{"start":{"line":75,"column":4},"end":{"line":76,"column":14}}]},"8":{"line":85,"type":"switch","locations":[{"start":{"line":90,"column":4},"end":{"line":95,"column":14}},{"start":{"line":101,"column":4},"end":{"line":183,"column":14},"skip":true}]},"9":{"line":92,"type":"binary-expr","locations":[{"start":{"line":92,"column":18},"end":{"line":92,"column":32}},{"start":{"line":93,"column":12},"end":{"line":93,"column":53}},{"start":{"line":94,"column":12},"end":{"line":94,"column":61}}]},"10":{"line":102,"type":"binary-expr","locations":[{"start":{"line":102,"column":45},"end":{"line":102,"column":79},"skip":true},{"start":{"line":102,"column":83},"end":{"line":111,"column":9},"skip":true}]},"11":{"line":113,"type":"binary-expr","locations":[{"start":{"line":113,"column":42},"end":{"line":113,"column":73},"skip":true},{"start":{"line":113,"column":77},"end":{"line":126,"column":9},"skip":true}]},"12":{"line":128,"type":"binary-expr","locations":[{"start":{"line":128,"column":48},"end":{"line":128,"column":85},"skip":true},{"start":{"line":129,"column":12},"end":{"line":135,"column":13},"skip":true}]},"13":{"line":137,"type":"binary-expr","locations":[{"start":{"line":137,"column":42},"end":{"line":137,"column":73},"skip":true},{"start":{"line":137,"column":77},"end":{"line":146,"column":9},"skip":true}]},"14":{"line":148,"type":"binary-expr","locations":[{"start":{"line":148,"column":45},"end":{"line":148,"column":79},"skip":true},{"start":{"line":148,"column":83},"end":{"line":157,"column":9},"skip":true}]},"15":{"line":159,"type":"binary-expr","locations":[{"start":{"line":159,"column":43},"end":{"line":159,"column":75},"skip":true},{"start":{"line":159,"column":79},"end":{"line":168,"column":9},"skip":true}]},"16":{"line":170,"type":"binary-expr","locations":[{"start":{"line":170,"column":41},"end":{"line":170,"column":71},"skip":true},{"start":{"line":170,"column":75},"end":{"line":179,"column":9},"skip":true}]}},"code":["/* istanbul instrument in package npmtest_riot */","/*jslint","    bitwise: true,","    browser: true,","    maxerr: 8,","    maxlen: 96,","    node: true,","    nomen: true,","    regexp: true,","    stupid: true","*/","(function () {","    'use strict';","    var local;","","","","    // run shared js-env code - pre-init","    (function () {","        // init local","        local = {};","        // init modeJs","        local.modeJs = (function () {","            try {","                return typeof navigator.userAgent === 'string' &&","                    typeof document.querySelector('body') === 'object' &&","                    typeof XMLHttpRequest.prototype.open === 'function' &&","                    'browser';","            } catch (errorCaughtBrowser) {","                return module.exports &&","                    typeof process.versions.node === 'string' &&","                    typeof require('http').createServer === 'function' &&","                    'node';","            }","        }());","        // init global","        local.global = local.modeJs === 'browser'","            ? window","            : global;","        switch (local.modeJs) {","        // re-init local from window.local","        case 'browser':","            local = local.global.utility2.objectSetDefault(","                local.global.utility2_rollup || local.global.local,","                local.global.utility2","            );","            break;","        // re-init local from example.js","        case 'node':","            local = (local.global.utility2_rollup || require('utility2'))","                .requireExampleJsFromReadme();","            break;","        }","        // export local","        local.global.local = local;","    }());","","","","    // run shared js-env code - function","    (function () {","        return;","    }());","    switch (local.modeJs) {","","","","    // run browser js-env code - function","    case 'browser':","        break;","","","","    // run node js-env code - function","    case 'node':","        break;","    }","","","","    // run shared js-env code - post-init","    (function () {","        return;","    }());","    switch (local.modeJs) {","","","","    // run browser js-env code - post-init","    case 'browser':","        // run tests","        local.nop(local.modeTest &&","            document.querySelector('#testRunButton1') &&","            document.querySelector('#testRunButton1').click());","        break;","","","","    // run node js-env code - post-init","    /* istanbul ignore next */","    case 'node':","        local.testCase_buildApidoc_default = local.testCase_buildApidoc_default || function (","            options,","            onError","        ) {","        /*","         * this function will test buildApidoc's default handling-behavior-behavior","         */","            options = { modulePathList: module.paths };","            local.buildApidoc(options, onError);","        };","","        local.testCase_buildApp_default = local.testCase_buildApp_default || function (","            options,","            onError","        ) {","        /*","         * this function will test buildApp's default handling-behavior-behavior","         */","            local.testCase_buildReadme_default(options, local.onErrorThrow);","            local.testCase_buildLib_default(options, local.onErrorThrow);","            local.testCase_buildTest_default(options, local.onErrorThrow);","            local.testCase_buildCustomOrg_default(options, local.onErrorThrow);","            options = [];","            local.buildApp(options, onError);","        };","","        local.testCase_buildCustomOrg_default = local.testCase_buildCustomOrg_default ||","            function (options, onError) {","            /*","             * this function will test buildCustomOrg's default handling-behavior","             */","                options = {};","                local.buildCustomOrg(options, onError);","            };","","        local.testCase_buildLib_default = local.testCase_buildLib_default || function (","            options,","            onError","        ) {","        /*","         * this function will test buildLib's default handling-behavior","         */","            options = {};","            local.buildLib(options, onError);","        };","","        local.testCase_buildReadme_default = local.testCase_buildReadme_default || function (","            options,","            onError","        ) {","        /*","         * this function will test buildReadme's default handling-behavior-behavior","         */","            options = {};","            local.buildReadme(options, onError);","        };","","        local.testCase_buildTest_default = local.testCase_buildTest_default || function (","            options,","            onError","        ) {","        /*","         * this function will test buildTest's default handling-behavior","         */","            options = {};","            local.buildTest(options, onError);","        };","","        local.testCase_webpage_default = local.testCase_webpage_default || function (","            options,","            onError","        ) {","        /*","         * this function will test webpage's default handling-behavior","         */","            options = { modeCoverageMerge: true, url: local.serverLocalHost + '?modeTest=1' };","            local.browserTest(options, onError);","        };","","        // run test-server","        local.testRunServer(local);","        break;","    }","}());",""],"l":{"12":2,"14":2,"19":2,"21":2,"23":2,"24":2,"25":2,"30":1,"37":2,"40":2,"43":1,"47":1,"50":1,"52":1,"55":2,"61":2,"62":2,"64":2,"70":1,"76":1,"82":2,"83":2,"85":2,"92":1,"95":1,"102":1,"109":1,"110":1,"113":1,"120":1,"121":1,"122":1,"123":1,"124":1,"125":1,"128":1,"133":2,"134":2,"137":1,"144":2,"145":2,"148":1,"155":2,"156":2,"159":1,"166":2,"167":2,"170":1,"177":1,"178":1,"182":1,"183":1}},"/home/travis/build/npmtest/node-npmtest-riot/lib.npmtest_riot.js":{"path":"/home/travis/build/npmtest/node-npmtest-riot/lib.npmtest_riot.js","s":{"1":2,"2":2,"3":2,"4":2,"5":2,"6":2,"7":2,"8":1,"9":2,"10":2,"11":2,"12":2,"13":1,"14":1,"15":1,"16":1},"b":{"1":[2,1,1,1],"2":[1,1,1,1],"3":[1,1],"4":[2,2],"5":[1,1]},"f":{"1":2,"2":2,"3":2},"fnMap":{"1":{"name":"(anonymous_1)","line":12,"loc":{"start":{"line":12,"column":1},"end":{"line":12,"column":13}}},"2":{"name":"(anonymous_2)","line":19,"loc":{"start":{"line":19,"column":5},"end":{"line":19,"column":17}}},"3":{"name":"(anonymous_3)","line":23,"loc":{"start":{"line":23,"column":24},"end":{"line":23,"column":36}}}},"statementMap":{"1":{"start":{"line":12,"column":0},"end":{"line":53,"column":5}},"2":{"start":{"line":14,"column":4},"end":{"line":14,"column":14}},"3":{"start":{"line":19,"column":4},"end":{"line":52,"column":9}},"4":{"start":{"line":21,"column":8},"end":{"line":21,"column":19}},"5":{"start":{"line":23,"column":8},"end":{"line":35,"column":13}},"6":{"start":{"line":24,"column":12},"end":{"line":34,"column":13}},"7":{"start":{"line":25,"column":16},"end":{"line":28,"column":30}},"8":{"start":{"line":30,"column":16},"end":{"line":33,"column":27}},"9":{"start":{"line":37,"column":8},"end":{"line":39,"column":21}},"10":{"start":{"line":41,"column":8},"end":{"line":41,"column":54}},"11":{"start":{"line":43,"column":8},"end":{"line":43,"column":49}},"12":{"start":{"line":45,"column":8},"end":{"line":51,"column":9}},"13":{"start":{"line":46,"column":12},"end":{"line":46,"column":55}},"14":{"start":{"line":48,"column":12},"end":{"line":48,"column":35}},"15":{"start":{"line":49,"column":12},"end":{"line":49,"column":49}},"16":{"start":{"line":50,"column":12},"end":{"line":50,"column":43}}},"branchMap":{"1":{"line":25,"type":"binary-expr","locations":[{"start":{"line":25,"column":23},"end":{"line":25,"column":62}},{"start":{"line":26,"column":20},"end":{"line":26,"column":70}},{"start":{"line":27,"column":20},"end":{"line":27,"column":71}},{"start":{"line":28,"column":20},"end":{"line":28,"column":29}}]},"2":{"line":30,"type":"binary-expr","locations":[{"start":{"line":30,"column":23},"end":{"line":30,"column":37}},{"start":{"line":31,"column":20},"end":{"line":31,"column":61}},{"start":{"line":32,"column":20},"end":{"line":32,"column":70}},{"start":{"line":33,"column":20},"end":{"line":33,"column":26}}]},"3":{"line":37,"type":"cond-expr","locations":[{"start":{"line":38,"column":14},"end":{"line":38,"column":20}},{"start":{"line":39,"column":14},"end":{"line":39,"column":20}}]},"4":{"line":41,"type":"binary-expr","locations":[{"start":{"line":41,"column":16},"end":{"line":41,"column":44}},{"start":{"line":41,"column":48},"end":{"line":41,"column":53}}]},"5":{"line":45,"type":"if","locations":[{"start":{"line":45,"column":8},"end":{"line":45,"column":8}},{"start":{"line":45,"column":8},"end":{"line":45,"column":8}}]}},"code":["/* istanbul instrument in package npmtest_riot */","/*jslint","    bitwise: true,","    browser: true,","    maxerr: 8,","    maxlen: 96,","    node: true,","    nomen: true,","    regexp: true,","    stupid: true","*/","(function () {","    'use strict';","    var local;","","","","    // run shared js-env code - pre-init","    (function () {","        // init local","        local = {};","        // init modeJs","        local.modeJs = (function () {","            try {","                return typeof navigator.userAgent === 'string' &&","                    typeof document.querySelector('body') === 'object' &&","                    typeof XMLHttpRequest.prototype.open === 'function' &&","                    'browser';","            } catch (errorCaughtBrowser) {","                return module.exports &&","                    typeof process.versions.node === 'string' &&","                    typeof require('http').createServer === 'function' &&","                    'node';","            }","        }());","        // init global","        local.global = local.modeJs === 'browser'","            ? window","            : global;","        // init utility2_rollup","        local = local.global.utility2_rollup || local;","        // init lib","        local.local = local.npmtest_riot = local;","        // init exports","        if (local.modeJs === 'browser') {","            local.global.utility2_npmtest_riot = local;","        } else {","            module.exports = local;","            module.exports.__dirname = __dirname;","            module.exports.module = module;","        }","    }());","}());",""],"l":{"12":2,"14":2,"19":2,"21":2,"23":2,"24":2,"25":2,"30":1,"37":2,"41":2,"43":2,"45":2,"46":1,"48":1,"49":1,"50":1}},"/home/travis/build/npmtest/node-npmtest-riot/example.js":{"path":"/home/travis/build/npmtest/node-npmtest-riot/example.js","s":{"1":2,"2":2,"3":2,"4":2,"5":2,"6":2,"7":2,"8":1,"9":2,"10":2,"11":2,"12":2,"13":1,"14":2,"15":2,"16":2,"17":2,"18":2,"19":0,"20":2,"21":1,"22":1,"23":1,"24":1,"25":1,"26":0,"27":0,"28":1,"29":1,"30":2,"31":0,"32":0,"33":0,"34":1,"35":2,"36":2,"37":2,"38":2,"39":2,"40":2,"41":0,"42":2,"43":2,"44":2,"45":1,"46":3,"47":1,"48":1,"49":1,"50":1,"51":1,"52":1,"53":1,"54":1,"55":1,"56":1,"57":0,"58":1,"59":6,"60":6,"61":1,"62":2,"63":0,"64":2,"65":1,"66":1,"67":0,"68":0,"69":0,"70":0,"71":0,"72":0,"73":0,"74":0,"75":0,"76":0,"77":0,"78":0,"79":0,"80":0,"81":0,"82":0,"83":0},"b":{"1":[2,1,1,1],"2":[1,1,1,1],"3":[1,1],"4":[2,2],"5":[1,1],"6":[1,1],"7":[2,0],"8":[2,1,1,1,1,1],"9":[0,2,0],"10":[1,1],"11":[2,1,1],"12":[1,0],"13":[0,2],"14":[2,0,0,0,0,0,0],"15":[0,2],"16":[2,0],"17":[1,1],"18":[0,1],"19":[1,2,0,2],"20":[1,0],"21":[1,1],"22":[0,0],"23":[0,0],"24":[0,0],"25":[0,0],"26":[0,0],"27":[0,0],"28":[0,0]},"f":{"1":2,"2":2,"3":2,"4":2,"5":2,"6":2,"7":2,"8":2,"9":3,"10":1,"11":6,"12":0},"fnMap":{"1":{"name":"(anonymous_1)","line":26,"loc":{"start":{"line":26,"column":1},"end":{"line":26,"column":13}}},"2":{"name":"(anonymous_2)","line":33,"loc":{"start":{"line":33,"column":5},"end":{"line":33,"column":17}}},"3":{"name":"(anonymous_3)","line":37,"loc":{"start":{"line":37,"column":24},"end":{"line":37,"column":36}}},"4":{"name":"(anonymous_4)","line":69,"loc":{"start":{"line":69,"column":31},"end":{"line":69,"column":48}},"skip":true},"5":{"name":"(anonymous_5)","line":78,"loc":{"start":{"line":78,"column":26},"end":{"line":78,"column":45}},"skip":true},"6":{"name":"(anonymous_6)","line":123,"loc":{"start":{"line":123,"column":33},"end":{"line":123,"column":48}},"skip":true},"7":{"name":"(anonymous_7)","line":125,"loc":{"start":{"line":125,"column":27},"end":{"line":125,"column":39}},"skip":true},"8":{"name":"(anonymous_8)","line":133,"loc":{"start":{"line":133,"column":59},"end":{"line":133,"column":74}},"skip":true},"9":{"name":"(anonymous_9)","line":143,"loc":{"start":{"line":143,"column":45},"end":{"line":143,"column":62}},"skip":true},"10":{"name":"(anonymous_10)","line":144,"loc":{"start":{"line":144,"column":73},"end":{"line":144,"column":92}},"skip":true},"11":{"name":"(anonymous_11)","line":272,"loc":{"start":{"line":272,"column":51},"end":{"line":272,"column":77}},"skip":true},"12":{"name":"(anonymous_12)","line":314,"loc":{"start":{"line":314,"column":32},"end":{"line":314,"column":61}},"skip":true}},"statementMap":{"1":{"start":{"line":26,"column":0},"end":{"line":325,"column":5}},"2":{"start":{"line":28,"column":4},"end":{"line":28,"column":14}},"3":{"start":{"line":33,"column":4},"end":{"line":60,"column":9}},"4":{"start":{"line":35,"column":8},"end":{"line":35,"column":19}},"5":{"start":{"line":37,"column":8},"end":{"line":49,"column":13}},"6":{"start":{"line":38,"column":12},"end":{"line":48,"column":13}},"7":{"start":{"line":39,"column":16},"end":{"line":42,"column":30}},"8":{"start":{"line":44,"column":16},"end":{"line":47,"column":27}},"9":{"start":{"line":51,"column":8},"end":{"line":53,"column":21}},"10":{"start":{"line":55,"column":8},"end":{"line":57,"column":45}},"11":{"start":{"line":59,"column":8},"end":{"line":59,"column":35}},"12":{"start":{"line":61,"column":4},"end":{"line":324,"column":5}},"13":{"start":{"line":69,"column":8},"end":{"line":121,"column":10},"skip":true},"14":{"start":{"line":70,"column":12},"end":{"line":88,"column":13},"skip":true},"15":{"start":{"line":76,"column":16},"end":{"line":87,"column":19},"skip":true},"16":{"start":{"line":79,"column":20},"end":{"line":86,"column":21},"skip":true},"17":{"start":{"line":82,"column":24},"end":{"line":82,"column":43},"skip":true},"18":{"start":{"line":83,"column":24},"end":{"line":83,"column":30},"skip":true},"19":{"start":{"line":85,"column":24},"end":{"line":85,"column":49},"skip":true},"20":{"start":{"line":89,"column":12},"end":{"line":107,"column":13},"skip":true},"21":{"start":{"line":92,"column":16},"end":{"line":102,"column":17},"skip":true},"22":{"start":{"line":93,"column":20},"end":{"line":93,"column":86},"skip":true},"23":{"start":{"line":94,"column":20},"end":{"line":95,"column":45},"skip":true},"24":{"start":{"line":96,"column":20},"end":{"line":96,"column":42},"skip":true},"25":{"start":{"line":97,"column":20},"end":{"line":97,"column":48},"skip":true},"26":{"start":{"line":100,"column":20},"end":{"line":100,"column":85},"skip":true},"27":{"start":{"line":101,"column":20},"end":{"line":101,"column":96},"skip":true},"28":{"start":{"line":103,"column":16},"end":{"line":103,"column":22},"skip":true},"29":{"start":{"line":106,"column":16},"end":{"line":106,"column":22},"skip":true},"30":{"start":{"line":108,"column":12},"end":{"line":120,"column":13},"skip":true},"31":{"start":{"line":114,"column":16},"end":{"line":119,"column":17},"skip":true},"32":{"start":{"line":116,"column":20},"end":{"line":116,"column":78},"skip":true},"33":{"start":{"line":118,"column":20},"end":{"line":118,"column":53},"skip":true},"34":{"start":{"line":123,"column":8},"end":{"line":141,"column":11},"skip":true},"35":{"start":{"line":124,"column":12},"end":{"line":124,"column":54},"skip":true},"36":{"start":{"line":125,"column":12},"end":{"line":140,"column":14},"skip":true},"37":{"start":{"line":126,"column":16},"end":{"line":126,"column":28},"skip":true},"38":{"start":{"line":127,"column":16},"end":{"line":127,"column":69},"skip":true},"39":{"start":{"line":128,"column":16},"end":{"line":128,"column":75},"skip":true},"40":{"start":{"line":129,"column":16},"end":{"line":131,"column":17},"skip":true},"41":{"start":{"line":130,"column":20},"end":{"line":130,"column":27},"skip":true},"42":{"start":{"line":133,"column":16},"end":{"line":137,"column":36},"skip":true},"43":{"start":{"line":134,"column":20},"end":{"line":136,"column":55},"skip":true},"44":{"start":{"line":139,"column":16},"end":{"line":139,"column":57},"skip":true},"45":{"start":{"line":143,"column":8},"end":{"line":147,"column":11},"skip":true},"46":{"start":{"line":144,"column":12},"end":{"line":146,"column":15},"skip":true},"47":{"start":{"line":145,"column":16},"end":{"line":145,"column":70},"skip":true},"48":{"start":{"line":149,"column":8},"end":{"line":149,"column":31},"skip":true},"49":{"start":{"line":150,"column":8},"end":{"line":150,"column":14},"skip":true},"50":{"start":{"line":158,"column":8},"end":{"line":158,"column":31},"skip":true},"51":{"start":{"line":160,"column":8},"end":{"line":160,"column":33},"skip":true},"52":{"start":{"line":161,"column":8},"end":{"line":161,"column":37},"skip":true},"53":{"start":{"line":162,"column":8},"end":{"line":162,"column":35},"skip":true},"54":{"start":{"line":164,"column":8},"end":{"line":164,"column":50},"skip":true},"55":{"start":{"line":166,"column":8},"end":{"line":256,"column":2},"skip":true},"56":{"start":{"line":258,"column":8},"end":{"line":286,"column":9},"skip":true},"57":{"start":{"line":259,"column":12},"end":{"line":269,"column":14},"skip":true},"58":{"start":{"line":271,"column":12},"end":{"line":285,"column":19},"skip":true},"59":{"start":{"line":274,"column":20},"end":{"line":274,"column":35},"skip":true},"60":{"start":{"line":275,"column":20},"end":{"line":284,"column":21},"skip":true},"61":{"start":{"line":277,"column":24},"end":{"line":277,"column":64},"skip":true},"62":{"start":{"line":279,"column":24},"end":{"line":279,"column":40},"skip":true},"63":{"start":{"line":281,"column":24},"end":{"line":281,"column":40},"skip":true},"64":{"start":{"line":283,"column":24},"end":{"line":283,"column":39},"skip":true},"65":{"start":{"line":288,"column":8},"end":{"line":290,"column":9},"skip":true},"66":{"start":{"line":289,"column":12},"end":{"line":289,"column":18},"skip":true},"67":{"start":{"line":291,"column":8},"end":{"line":293,"column":54},"skip":true},"68":{"start":{"line":294,"column":8},"end":{"line":301,"column":37},"skip":true},"69":{"start":{"line":302,"column":8},"end":{"line":302,"column":82},"skip":true},"70":{"start":{"line":305,"column":8},"end":{"line":307,"column":9},"skip":true},"71":{"start":{"line":306,"column":12},"end":{"line":306,"column":82},"skip":true},"72":{"start":{"line":309,"column":8},"end":{"line":311,"column":9},"skip":true},"73":{"start":{"line":310,"column":12},"end":{"line":310,"column":18},"skip":true},"74":{"start":{"line":312,"column":8},"end":{"line":312,"column":54},"skip":true},"75":{"start":{"line":313,"column":8},"end":{"line":313,"column":69},"skip":true},"76":{"start":{"line":314,"column":8},"end":{"line":322,"column":36},"skip":true},"77":{"start":{"line":315,"column":12},"end":{"line":315,"column":61},"skip":true},"78":{"start":{"line":316,"column":12},"end":{"line":319,"column":13},"skip":true},"79":{"start":{"line":317,"column":16},"end":{"line":317,"column":75},"skip":true},"80":{"start":{"line":318,"column":16},"end":{"line":318,"column":23},"skip":true},"81":{"start":{"line":320,"column":12},"end":{"line":320,"column":38},"skip":true},"82":{"start":{"line":321,"column":12},"end":{"line":321,"column":27},"skip":true},"83":{"start":{"line":323,"column":8},"end":{"line":323,"column":14},"skip":true}},"branchMap":{"1":{"line":39,"type":"binary-expr","locations":[{"start":{"line":39,"column":23},"end":{"line":39,"column":62}},{"start":{"line":40,"column":20},"end":{"line":40,"column":70}},{"start":{"line":41,"column":20},"end":{"line":41,"column":71}},{"start":{"line":42,"column":20},"end":{"line":42,"column":29}}]},"2":{"line":44,"type":"binary-expr","locations":[{"start":{"line":44,"column":23},"end":{"line":44,"column":37}},{"start":{"line":45,"column":20},"end":{"line":45,"column":61}},{"start":{"line":46,"column":20},"end":{"line":46,"column":70}},{"start":{"line":47,"column":20},"end":{"line":47,"column":26}}]},"3":{"line":51,"type":"cond-expr","locations":[{"start":{"line":52,"column":14},"end":{"line":52,"column":20}},{"start":{"line":53,"column":14},"end":{"line":53,"column":20}}]},"4":{"line":55,"type":"binary-expr","locations":[{"start":{"line":55,"column":16},"end":{"line":55,"column":44}},{"start":{"line":55,"column":49},"end":{"line":57,"column":43}}]},"5":{"line":55,"type":"cond-expr","locations":[{"start":{"line":56,"column":14},"end":{"line":56,"column":48}},{"start":{"line":57,"column":14},"end":{"line":57,"column":43}}]},"6":{"line":61,"type":"switch","locations":[{"start":{"line":68,"column":4},"end":{"line":150,"column":14},"skip":true},{"start":{"line":156,"column":4},"end":{"line":323,"column":14},"skip":true}]},"7":{"line":70,"type":"if","locations":[{"start":{"line":70,"column":12},"end":{"line":70,"column":12},"skip":true},{"start":{"line":70,"column":12},"end":{"line":70,"column":12},"skip":true}]},"8":{"line":70,"type":"binary-expr","locations":[{"start":{"line":70,"column":16},"end":{"line":70,"column":22},"skip":true},{"start":{"line":70,"column":27},"end":{"line":70,"column":32},"skip":true},{"start":{"line":71,"column":20},"end":{"line":71,"column":39},"skip":true},{"start":{"line":72,"column":20},"end":{"line":72,"column":49},"skip":true},{"start":{"line":73,"column":20},"end":{"line":73,"column":58},"skip":true},{"start":{"line":74,"column":20},"end":{"line":74,"column":69},"skip":true}]},"9":{"line":79,"type":"switch","locations":[{"start":{"line":80,"column":20},"end":{"line":80,"column":33},"skip":true},{"start":{"line":81,"column":20},"end":{"line":83,"column":30},"skip":true},{"start":{"line":84,"column":20},"end":{"line":85,"column":49},"skip":true}]},"10":{"line":89,"type":"switch","locations":[{"start":{"line":90,"column":12},"end":{"line":103,"column":22},"skip":true},{"start":{"line":105,"column":12},"end":{"line":106,"column":22},"skip":true}]},"11":{"line":89,"type":"binary-expr","locations":[{"start":{"line":89,"column":20},"end":{"line":89,"column":25},"skip":true},{"start":{"line":89,"column":29},"end":{"line":89,"column":48},"skip":true},{"start":{"line":89,"column":52},"end":{"line":89,"column":74},"skip":true}]},"12":{"line":92,"type":"if","locations":[{"start":{"line":92,"column":16},"end":{"line":92,"column":16},"skip":true},{"start":{"line":92,"column":16},"end":{"line":92,"column":16},"skip":true}]},"13":{"line":108,"type":"if","locations":[{"start":{"line":108,"column":12},"end":{"line":108,"column":12},"skip":true},{"start":{"line":108,"column":12},"end":{"line":108,"column":12},"skip":true}]},"14":{"line":108,"type":"binary-expr","locations":[{"start":{"line":108,"column":16},"end":{"line":108,"column":61},"skip":true},{"start":{"line":108,"column":66},"end":{"line":108,"column":72},"skip":true},{"start":{"line":108,"column":77},"end":{"line":108,"column":82},"skip":true},{"start":{"line":109,"column":20},"end":{"line":109,"column":39},"skip":true},{"start":{"line":110,"column":20},"end":{"line":110,"column":49},"skip":true},{"start":{"line":111,"column":20},"end":{"line":111,"column":58},"skip":true},{"start":{"line":112,"column":20},"end":{"line":112,"column":68},"skip":true}]},"15":{"line":129,"type":"if","locations":[{"start":{"line":129,"column":16},"end":{"line":129,"column":16},"skip":true},{"start":{"line":129,"column":16},"end":{"line":129,"column":16},"skip":true}]},"16":{"line":134,"type":"cond-expr","locations":[{"start":{"line":135,"column":26},"end":{"line":135,"column":29},"skip":true},{"start":{"line":136,"column":26},"end":{"line":136,"column":54},"skip":true}]},"17":{"line":164,"type":"binary-expr","locations":[{"start":{"line":164,"column":27},"end":{"line":164,"column":43},"skip":true},{"start":{"line":164,"column":47},"end":{"line":164,"column":49},"skip":true}]},"18":{"line":258,"type":"if","locations":[{"start":{"line":258,"column":8},"end":{"line":258,"column":8},"skip":true},{"start":{"line":258,"column":8},"end":{"line":258,"column":8},"skip":true}]},"19":{"line":275,"type":"switch","locations":[{"start":{"line":276,"column":20},"end":{"line":277,"column":64},"skip":true},{"start":{"line":278,"column":20},"end":{"line":279,"column":40},"skip":true},{"start":{"line":280,"column":20},"end":{"line":281,"column":40},"skip":true},{"start":{"line":282,"column":20},"end":{"line":283,"column":39},"skip":true}]},"20":{"line":288,"type":"if","locations":[{"start":{"line":288,"column":8},"end":{"line":288,"column":8},"skip":true},{"start":{"line":288,"column":8},"end":{"line":288,"column":8},"skip":true}]},"21":{"line":288,"type":"binary-expr","locations":[{"start":{"line":288,"column":12},"end":{"line":288,"column":40},"skip":true},{"start":{"line":288,"column":44},"end":{"line":288,"column":67},"skip":true}]},"22":{"line":292,"type":"binary-expr","locations":[{"start":{"line":292,"column":12},"end":{"line":292,"column":50},"skip":true},{"start":{"line":293,"column":12},"end":{"line":293,"column":53},"skip":true}]},"23":{"line":295,"type":"binary-expr","locations":[{"start":{"line":295,"column":12},"end":{"line":295,"column":62},"skip":true},{"start":{"line":296,"column":12},"end":{"line":301,"column":36},"skip":true}]},"24":{"line":302,"type":"binary-expr","locations":[{"start":{"line":302,"column":43},"end":{"line":302,"column":75},"skip":true},{"start":{"line":302,"column":79},"end":{"line":302,"column":81},"skip":true}]},"25":{"line":305,"type":"if","locations":[{"start":{"line":305,"column":8},"end":{"line":305,"column":8},"skip":true},{"start":{"line":305,"column":8},"end":{"line":305,"column":8},"skip":true}]},"26":{"line":309,"type":"if","locations":[{"start":{"line":309,"column":8},"end":{"line":309,"column":8},"skip":true},{"start":{"line":309,"column":8},"end":{"line":309,"column":8},"skip":true}]},"27":{"line":312,"type":"binary-expr","locations":[{"start":{"line":312,"column":27},"end":{"line":312,"column":43},"skip":true},{"start":{"line":312,"column":47},"end":{"line":312,"column":53},"skip":true}]},"28":{"line":316,"type":"if","locations":[{"start":{"line":316,"column":12},"end":{"line":316,"column":12},"skip":true},{"start":{"line":316,"column":12},"end":{"line":316,"column":12},"skip":true}]}},"code":["/*","example.js","","quickstart example","","instruction","    1. save this script as example.js","    2. run the shell command:","        $ npm install npmtest-riot && PORT=8081 node example.js","    3. play with the browser-demo on http://127.0.0.1:8081","*/","","","","/* istanbul instrument in package npmtest_riot */","/*jslint","    bitwise: true,","    browser: true,","    maxerr: 8,","    maxlen: 96,","    node: true,","    nomen: true,","    regexp: true,","    stupid: true","*/","(function () {","    'use strict';","    var local;","","","","    // run shared js-env code - pre-init","    (function () {","        // init local","        local = {};","        // init modeJs","        local.modeJs = (function () {","            try {","                return typeof navigator.userAgent === 'string' &&","                    typeof document.querySelector('body') === 'object' &&","                    typeof XMLHttpRequest.prototype.open === 'function' &&","                    'browser';","            } catch (errorCaughtBrowser) {","                return module.exports &&","                    typeof process.versions.node === 'string' &&","                    typeof require('http').createServer === 'function' &&","                    'node';","            }","        }());","        // init global","        local.global = local.modeJs === 'browser'","            ? window","            : global;","        // init utility2_rollup","        local = local.global.utility2_rollup || (local.modeJs === 'browser'","            ? local.global.utility2_npmtest_riot","            : global.utility2_moduleExports);","        // export local","        local.global.local = local;","    }());","    switch (local.modeJs) {","","","","    // post-init","    // run browser js-env code - post-init","    /* istanbul ignore next */","    case 'browser':","        local.testRunBrowser = function (event) {","            if (!event || (event &&","                    event.currentTarget &&","                    event.currentTarget.className &&","                    event.currentTarget.className.includes &&","                    event.currentTarget.className.includes('onreset'))) {","                // reset output","                Array.from(","                    document.querySelectorAll('body > .resettable')","                ).forEach(function (element) {","                    switch (element.tagName) {","                    case 'INPUT':","                    case 'TEXTAREA':","                        element.value = '';","                        break;","                    default:","                        element.textContent = '';","                    }","                });","            }","            switch (event && event.currentTarget && event.currentTarget.id) {","            case 'testRunButton1':","                // show tests","                if (document.querySelector('#testReportDiv1').style.display === 'none') {","                    document.querySelector('#testReportDiv1').style.display = 'block';","                    document.querySelector('#testRunButton1').textContent =","                        'hide internal test';","                    local.modeTest = true;","                    local.testRunDefault(local);","                // hide tests","                } else {","                    document.querySelector('#testReportDiv1').style.display = 'none';","                    document.querySelector('#testRunButton1').textContent = 'run internal test';","                }","                break;","            // custom-case","            default:","                break;","            }","            if (document.querySelector('#inputTextareaEval1') && (!event || (event &&","                    event.currentTarget &&","                    event.currentTarget.className &&","                    event.currentTarget.className.includes &&","                    event.currentTarget.className.includes('oneval')))) {","                // try to eval input-code","                try {","                    /*jslint evil: true*/","                    eval(document.querySelector('#inputTextareaEval1').value);","                } catch (errorCaught) {","                    console.error(errorCaught.stack);","                }","            }","        };","        // log stderr and stdout to #outputTextareaStdout1","        ['error', 'log'].forEach(function (key) {","            console[key + '_original'] = console[key];","            console[key] = function () {","                var element;","                console[key + '_original'].apply(console, arguments);","                element = document.querySelector('#outputTextareaStdout1');","                if (!element) {","                    return;","                }","                // append text to #outputTextareaStdout1","                element.value += Array.from(arguments).map(function (arg) {","                    return typeof arg === 'string'","                        ? arg","                        : JSON.stringify(arg, null, 4);","                }).join(' ') + '\\n';","                // scroll textarea to bottom","                element.scrollTop = element.scrollHeight;","            };","        });","        // init event-handling","        ['change', 'click', 'keyup'].forEach(function (event) {","            Array.from(document.querySelectorAll('.on' + event)).forEach(function (element) {","                element.addEventListener(event, local.testRunBrowser);","            });","        });","        // run tests","        local.testRunBrowser();","        break;","","","","    // run node js-env code - post-init","    /* istanbul ignore next */","    case 'node':","        // export local","        module.exports = local;","        // require modules","        local.fs = require('fs');","        local.http = require('http');","        local.url = require('url');","        // init assets","        local.assetsDict = local.assetsDict || {};","        /* jslint-ignore-begin */","        local.assetsDict['/assets.index.template.html'] = '\\","<!doctype html>\\n\\","<html lang=\"en\">\\n\\","<head>\\n\\","<meta charset=\"UTF-8\">\\n\\","<meta name=\"viewport\" content=\"width=device-width, initial-scale=1\">\\n\\","<title>{{env.npm_package_name}} (v{{env.npm_package_version}})</title>\\n\\","<style>\\n\\","/*csslint\\n\\","    box-sizing: false,\\n\\","    universal-selector: false\\n\\","*/\\n\\","* {\\n\\","    box-sizing: border-box;\\n\\","}\\n\\","body {\\n\\","    background: #dde;\\n\\","    font-family: Arial, Helvetica, sans-serif;\\n\\","    margin: 2rem;\\n\\","}\\n\\","body > * {\\n\\","    margin-bottom: 1rem;\\n\\","}\\n\\",".utility2FooterDiv {\\n\\","    margin-top: 20px;\\n\\","    text-align: center;\\n\\","}\\n\\","</style>\\n\\","<style>\\n\\","/*csslint\\n\\","*/\\n\\","textarea {\\n\\","    font-family: monospace;\\n\\","    height: 10rem;\\n\\","    width: 100%;\\n\\","}\\n\\","textarea[readonly] {\\n\\","    background: #ddd;\\n\\","}\\n\\","</style>\\n\\","</head>\\n\\","<body>\\n\\","<!-- utility2-comment\\n\\","<div id=\"ajaxProgressDiv1\" style=\"background: #d00; height: 2px; left: 0; margin: 0; padding: 0; position: fixed; top: 0; transition: background 0.5s, width 1.5s; width: 25%;\"></div>\\n\\","utility2-comment -->\\n\\","<h1>\\n\\","<!-- utility2-comment\\n\\","    <a\\n\\","        {{#if env.npm_package_homepage}}\\n\\","        href=\"{{env.npm_package_homepage}}\"\\n\\","        {{/if env.npm_package_homepage}}\\n\\","        target=\"_blank\"\\n\\","    >\\n\\","utility2-comment -->\\n\\","        {{env.npm_package_name}} (v{{env.npm_package_version}})\\n\\","<!-- utility2-comment\\n\\","    </a>\\n\\","utility2-comment -->\\n\\","</h1>\\n\\","<h3>{{env.npm_package_description}}</h3>\\n\\","<!-- utility2-comment\\n\\","<h4><a download href=\"assets.app.js\">download standalone app</a></h4>\\n\\","<button class=\"onclick onreset\" id=\"testRunButton1\">run internal test</button><br>\\n\\","<div id=\"testReportDiv1\" style=\"display: none;\"></div>\\n\\","utility2-comment -->\\n\\","\\n\\","\\n\\","\\n\\","<label>stderr and stdout</label>\\n\\","<textarea class=\"resettable\" id=\"outputTextareaStdout1\" readonly></textarea>\\n\\","<!-- utility2-comment\\n\\","{{#if isRollup}}\\n\\","<script src=\"assets.app.js\"></script>\\n\\","{{#unless isRollup}}\\n\\","utility2-comment -->\\n\\","<script src=\"assets.utility2.rollup.js\"></script>\\n\\","<script src=\"jsonp.utility2._stateInit?callback=window.utility2._stateInit\"></script>\\n\\","<script src=\"assets.npmtest_riot.rollup.js\"></script>\\n\\","<script src=\"assets.example.js\"></script>\\n\\","<script src=\"assets.test.js\"></script>\\n\\","<!-- utility2-comment\\n\\","{{/if isRollup}}\\n\\","utility2-comment -->\\n\\","<div class=\"utility2FooterDiv\">\\n\\","    [ this app was created with\\n\\","    <a href=\"https://github.com/kaizhu256/node-utility2\" target=\"_blank\">utility2</a>\\n\\","    ]\\n\\","</div>\\n\\","</body>\\n\\","</html>\\n\\","';","        /* jslint-ignore-end */","        if (local.templateRender) {","            local.assetsDict['/'] = local.templateRender(","                local.assetsDict['/assets.index.template.html'],","                {","                    env: local.objectSetDefault(local.env, {","                        npm_package_description: 'the greatest app in the world!',","                        npm_package_name: 'my-app',","                        npm_package_nameAlias: 'my_app',","                        npm_package_version: '0.0.1'","                    })","                }","            );","        } else {","            local.assetsDict['/'] = local.assetsDict['/assets.index.template.html']","                .replace((/\\{\\{env\\.(\\w+?)\\}\\}/g), function (match0, match1) {","                    // jslint-hack","                    String(match0);","                    switch (match1) {","                    case 'npm_package_description':","                        return 'the greatest app in the world!';","                    case 'npm_package_name':","                        return 'my-app';","                    case 'npm_package_nameAlias':","                        return 'my_app';","                    case 'npm_package_version':","                        return '0.0.1';","                    }","                });","        }","        // run the cli","        if (local.global.utility2_rollup || module !== require.main) {","            break;","        }","        local.assetsDict['/assets.example.js'] =","            local.assetsDict['/assets.example.js'] ||","            local.fs.readFileSync(__filename, 'utf8');","        local.assetsDict['/assets.npmtest_riot.rollup.js'] =","            local.assetsDict['/assets.npmtest_riot.rollup.js'] ||","            local.fs.readFileSync(","                // buildCustomOrg-hack","                local.npmtest_riot.__dirname +","                    '/lib.npmtest_riot.js',","                'utf8'","            ).replace((/^#!/), '//');","        local.assetsDict['/favicon.ico'] = local.assetsDict['/favicon.ico'] || '';","        // if $npm_config_timeout_exit exists,","        // then exit this process after $npm_config_timeout_exit ms","        if (Number(process.env.npm_config_timeout_exit)) {","            setTimeout(process.exit, Number(process.env.npm_config_timeout_exit));","        }","        // start server","        if (local.global.utility2_serverHttp1) {","            break;","        }","        process.env.PORT = process.env.PORT || '8081';","        console.error('server starting on port ' + process.env.PORT);","        local.http.createServer(function (request, response) {","            request.urlParsed = local.url.parse(request.url);","            if (local.assetsDict[request.urlParsed.pathname] !== undefined) {","                response.end(local.assetsDict[request.urlParsed.pathname]);","                return;","            }","            response.statusCode = 404;","            response.end();","        }).listen(process.env.PORT);","        break;","    }","}());",""],"l":{"26":2,"28":2,"33":2,"35":2,"37":2,"38":2,"39":2,"44":1,"51":2,"55":2,"59":2,"61":2,"69":1,"70":2,"76":2,"79":2,"82":2,"83":2,"85":1,"89":2,"92":1,"93":1,"94":1,"96":1,"97":1,"100":1,"101":1,"103":1,"106":1,"108":2,"114":1,"116":1,"118":1,"123":1,"124":2,"125":2,"126":2,"127":2,"128":2,"129":2,"130":1,"133":2,"134":2,"139":2,"143":1,"144":3,"145":1,"149":1,"150":1,"158":1,"160":1,"161":1,"162":1,"164":1,"166":1,"258":1,"259":1,"271":1,"274":6,"275":6,"277":1,"279":2,"281":1,"283":2,"288":1,"289":1,"291":1,"294":1,"302":1,"305":1,"306":1,"309":1,"310":1,"312":1,"313":1,"314":1,"315":1,"316":1,"317":1,"318":1,"320":1,"321":1,"323":1}},"/home/travis/build/npmtest/node-npmtest-riot/riot/lib/server/index.js":{"path":"/home/travis/build/npmtest/node-npmtest-riot/riot/lib/server/index.js","s":{"1":1,"2":1,"3":1,"4":1,"5":0,"6":0,"7":0,"8":0,"9":1,"10":0,"11":0,"12":0,"13":0,"14":1,"15":0,"16":1,"17":0,"18":1,"19":0,"20":0,"21":0,"22":1,"23":0,"24":0,"25":0,"26":0,"27":0,"28":0,"29":0,"30":0,"31":1,"32":0,"33":1,"34":0,"35":0,"36":1},"b":{"1":[1,1],"2":[0,0]},"f":{"1":0,"2":0,"3":0,"4":0,"5":0,"6":0,"7":0,"8":0,"9":0,"10":0},"fnMap":{"1":{"name":"loadAndCompile","line":27,"loc":{"start":{"line":27,"column":0},"end":{"line":27,"column":49}}},"2":{"name":"riotRequire","line":46,"loc":{"start":{"line":46,"column":0},"end":{"line":46,"column":37}}},"3":{"name":"(anonymous_3)","line":54,"loc":{"start":{"line":54,"column":29},"end":{"line":54,"column":56}}},"4":{"name":"getTagHtml","line":63,"loc":{"start":{"line":63,"column":0},"end":{"line":63,"column":25}}},"5":{"name":"render","line":73,"loc":{"start":{"line":73,"column":0},"end":{"line":73,"column":31}}},"6":{"name":"renderAsync","line":87,"loc":{"start":{"line":87,"column":0},"end":{"line":87,"column":36}}},"7":{"name":"(anonymous_7)","line":90,"loc":{"start":{"line":90,"column":17},"end":{"line":90,"column":28}}},"8":{"name":"(anonymous_8)","line":96,"loc":{"start":{"line":96,"column":22},"end":{"line":96,"column":33}}},"9":{"name":"(anonymous_9)","line":106,"loc":{"start":{"line":106,"column":13},"end":{"line":106,"column":37}}},"10":{"name":"(anonymous_10)","line":109,"loc":{"start":{"line":109,"column":13},"end":{"line":109,"column":37}}}},"statementMap":{"1":{"start":{"line":3,"column":0},"end":{"line":12,"column":37}},"2":{"start":{"line":16,"column":0},"end":{"line":16,"column":19}},"3":{"start":{"line":19,"column":0},"end":{"line":19,"column":39}},"4":{"start":{"line":27,"column":0},"end":{"line":38,"column":1}},"5":{"start":{"line":28,"column":2},"end":{"line":28,"column":71}},"6":{"start":{"line":29,"column":2},"end":{"line":29,"column":58}},"7":{"start":{"line":30,"column":2},"end":{"line":30,"column":62}},"8":{"start":{"line":33,"column":2},"end":{"line":37,"column":14}},"9":{"start":{"line":46,"column":0},"end":{"line":51,"column":1}},"10":{"start":{"line":47,"column":2},"end":{"line":47,"column":27}},"11":{"start":{"line":48,"column":2},"end":{"line":48,"column":40}},"12":{"start":{"line":49,"column":2},"end":{"line":49,"column":40}},"13":{"start":{"line":50,"column":2},"end":{"line":50,"column":23}},"14":{"start":{"line":54,"column":0},"end":{"line":56,"column":1}},"15":{"start":{"line":55,"column":2},"end":{"line":55,"column":38}},"16":{"start":{"line":63,"column":0},"end":{"line":65,"column":1}},"17":{"start":{"line":64,"column":2},"end":{"line":64,"column":33}},"18":{"start":{"line":73,"column":0},"end":{"line":79,"column":1}},"19":{"start":{"line":74,"column":2},"end":{"line":75,"column":26}},"20":{"start":{"line":77,"column":2},"end":{"line":77,"column":15}},"21":{"start":{"line":78,"column":2},"end":{"line":78,"column":13}},"22":{"start":{"line":87,"column":0},"end":{"line":103,"column":1}},"23":{"start":{"line":88,"column":2},"end":{"line":102,"column":4}},"24":{"start":{"line":90,"column":6},"end":{"line":92,"column":42}},"25":{"start":{"line":91,"column":8},"end":{"line":91,"column":130}},"26":{"start":{"line":95,"column":6},"end":{"line":95,"column":41}},"27":{"start":{"line":96,"column":6},"end":{"line":100,"column":8}},"28":{"start":{"line":97,"column":8},"end":{"line":97,"column":34}},"29":{"start":{"line":98,"column":8},"end":{"line":98,"column":21}},"30":{"start":{"line":99,"column":8},"end":{"line":99,"column":21}},"31":{"start":{"line":106,"column":0},"end":{"line":108,"column":1}},"32":{"start":{"line":107,"column":2},"end":{"line":107,"column":44}},"33":{"start":{"line":109,"column":0},"end":{"line":113,"column":1}},"34":{"start":{"line":110,"column":2},"end":{"line":111,"column":35}},"35":{"start":{"line":112,"column":2},"end":{"line":112,"column":12}},"36":{"start":{"line":116,"column":0},"end":{"line":123,"column":2}}},"branchMap":{"1":{"line":7,"type":"binary-expr","locations":[{"start":{"line":7,"column":28},"end":{"line":7,"column":44}},{"start":{"line":7,"column":48},"end":{"line":7,"column":91}}]},"2":{"line":34,"type":"cond-expr","locations":[{"start":{"line":34,"column":41},"end":{"line":34,"column":49}},{"start":{"line":34,"column":52},"end":{"line":34,"column":58}}]}},"code":["","// allow to require('riot')","const","  path = require('path'),","  fs = require('fs'),","  hasRiotPath = !!process.env.RIOT,","  riotPath = path.normalize(process.env.RIOT || path.resolve(__dirname, '..', '..', 'riot')),","  riot = require(riotPath),","  // simple-dom helper","  sdom = require('./sdom'),","  Module = require('module'),","  compiler = require('riot-compiler')","","// fix #2225","// rollup considers the riot.default key as default export value instead of what we export here","delete riot.default","","// time riot should wait before throwing during an async rendering","riot.settings.asyncRenderTimeout = 1000","","/**"," * Function that will be used by riot.require and by require('some.tag')"," * @param   { String } filename - path to the file to load and compile"," * @param   { Object } opts     - compiler options"," * @param   { Object } context  - context where the tag will be mounted (Module)"," */","function loadAndCompile(filename, opts, context) {","  const src = compiler.compile(fs.readFileSync(filename, 'utf8'), opts)","  const preTag = src.substring(0, src.indexOf('riot.tag'))","  const tagDefinition = src.substring(src.indexOf('riot.tag'))","","  // here we will use template strings in riot@3.0.0","  context._compile(`","    var riot = require('${ hasRiotPath ? riotPath : 'riot' }')","    ${ preTag }","    module.exports = ${ tagDefinition }","  `, filename)","}","","/**"," * Enable the loading of riot tags with options riot.require('some.tag', { template: 'pug' })"," * @param   { String } filename - path to the file to load and compile"," * @param   { Object } opts     - compiler options"," * @returns { String } tag name"," */","function riotRequire(filename, opts) {","  var module = new Module()","  module.id = module.filename = filename","  loadAndCompile(filename, opts, module)","  return module.exports","}","","// allow to require('some.tag')","require.extensions['.tag'] = function(module, filename) {","  loadAndCompile(filename, {}, module)","}","","/**"," * Get the html as string form any riot tag instance"," * @param   { Tag } tag - riot tag instance"," * @returns { String }  tag template"," */","function getTagHtml(tag) {","  return sdom.serialize(tag.root)","}","","/**"," * Render riot tags returning a strings"," * @param   { String } tagName - tag identifier"," * @param   { Object } opts    - options to pass to the tag"," * @returns { String } tag resulting template"," */","function render(tagName, opts) {","  var tag = render.tag(tagName, opts),","    html = getTagHtml(tag)","  // unmount the tag avoiding memory leaks","  tag.unmount()","  return html","}","","/**"," * Render riot tags asynchronously"," * @param   { String } tagName - tag identifier"," * @param   { Object } opts    - options to pass to the tag"," * @returns { Promise } a promise resolved with the tag template string"," */","function renderAsync(tagName, opts) {","  return Promise.race([","    new Promise((resolve, reject) => {","      setTimeout(function() {","        reject(new Error(`Timeout error:: the tag \"${ tagName }\" didn\\'t trigger the \"ready\" event during the rendering process`))","      }, riot.settings.asyncRenderTimeout)","    }),","    new Promise(resolve => {","      var tag = render.tag(tagName, opts)","      tag.on('ready', function() {","        var html = getTagHtml(tag)","        tag.unmount()","        resolve(html)","      })","    })","  ])","}","","// extend the render function with some static methods","render.dom = function(tagName, opts) {","  return riot.render.tag(tagName, opts).root","}","render.tag = function(tagName, opts) {","  var root = document.createElement(tagName),","    tag = riot.mount(root, opts)[0]","  return tag","}","","// extend the riot api adding some useful serverside methods","module.exports = exports.default = Object.assign(riot, {","  // allow to require('riot').compile","  compile: compiler.compile,","  parsers: compiler.parsers,","  require: riotRequire,","  render,","  renderAsync","})",""],"l":{"3":1,"16":1,"19":1,"27":1,"28":0,"29":0,"30":0,"33":0,"46":1,"47":0,"48":0,"49":0,"50":0,"54":1,"55":0,"63":1,"64":0,"73":1,"74":0,"77":0,"78":0,"87":1,"88":0,"90":0,"91":0,"95":0,"96":0,"97":0,"98":0,"99":0,"106":1,"107":0,"109":1,"110":0,"112":0,"116":1}},"/home/travis/build/npmtest/node-npmtest-riot/riot/riot.js":{"path":"/home/travis/build/npmtest/node-npmtest-riot/riot/riot.js","s":{"1":1,"2":1,"3":1,"4":1,"5":1,"6":1,"7":1,"8":1,"9":1,"10":1,"11":1,"12":1,"13":1,"14":1,"15":1,"16":1,"17":1,"18":1,"19":1,"20":1,"21":1,"22":1,"23":1,"24":1,"25":1,"26":1,"27":1,"28":1,"29":1,"30":1,"31":0,"32":1,"33":0,"34":1,"35":0,"36":1,"37":12,"38":1,"39":0,"40":1,"41":0,"42":1,"43":0,"44":1,"45":12,"46":12,"47":1,"48":0,"49":1,"50":1,"51":0,"52":1,"53":0,"54":1,"55":0,"56":1,"57":0,"58":1,"59":0,"60":1,"61":0,"62":0,"63":0,"64":0,"65":0,"66":1,"67":0,"68":0,"69":1,"70":0,"71":1,"72":0,"73":0,"74":1,"75":0,"76":1,"77":0,"78":0,"79":0,"80":0,"81":1,"82":0,"83":1,"84":0,"85":0,"86":0,"87":0,"88":0,"89":1,"90":0,"91":0,"92":0,"93":0,"94":0,"95":0,"96":0,"97":0,"98":0,"99":0,"100":1,"101":1,"102":1,"103":1,"104":1,"105":1,"106":1,"107":0,"108":0,"109":0,"110":0,"111":0,"112":0,"113":0,"114":0,"115":0,"116":0,"117":0,"118":1,"119":0,"120":0,"121":0,"122":0,"123":0,"124":0,"125":0,"126":0,"127":0,"128":0,"129":0,"130":0,"131":1,"132":1,"133":1,"134":1,"135":1,"136":1,"137":1,"138":0,"139":0,"140":0,"141":1,"142":1,"143":1,"144":0,"145":0,"146":0,"147":0,"148":0,"149":0,"150":0,"151":0,"152":0,"153":0,"154":1,"155":0,"156":1,"157":0,"158":0,"159":0,"160":0,"161":0,"162":0,"163":0,"164":0,"165":0,"166":0,"167":0,"168":0,"169":0,"170":0,"171":0,"172":0,"173":0,"174":0,"175":0,"176":0,"177":1,"178":0,"179":0,"180":0,"181":1,"182":0,"183":0,"184":0,"185":0,"186":0,"187":0,"188":0,"189":1,"190":0,"191":1,"192":0,"193":0,"194":1,"195":0,"196":1,"197":1,"198":1,"199":1,"200":1,"201":1,"202":1,"203":1,"204":1,"205":1,"206":1,"207":0,"208":1,"209":1,"210":1,"211":1,"212":1,"213":1,"214":1,"215":1,"216":1,"217":1,"218":1,"219":1,"220":1,"221":0,"222":0,"223":0,"224":1,"225":1,"226":1,"227":0,"228":1,"229":1,"230":0,"231":0,"232":0,"233":0,"234":0,"235":0,"236":0,"237":1,"238":0,"239":0,"240":0,"241":0,"242":1,"243":1,"244":0,"245":0,"246":0,"247":0,"248":0,"249":0,"250":0,"251":0,"252":0,"253":0,"254":0,"255":0,"256":0,"257":1,"258":1,"259":0,"260":0,"261":0,"262":0,"263":0,"264":0,"265":0,"266":0,"267":0,"268":0,"269":0,"270":0,"271":0,"272":0,"273":0,"274":1,"275":0,"276":0,"277":0,"278":0,"279":0,"280":0,"281":0,"282":0,"283":1,"284":1,"285":0,"286":0,"287":0,"288":0,"289":0,"290":0,"291":0,"292":0,"293":0,"294":0,"295":0,"296":0,"297":0,"298":0,"299":0,"300":0,"301":0,"302":0,"303":1,"304":1,"305":1,"306":0,"307":0,"308":0,"309":0,"310":0,"311":0,"312":0,"313":0,"314":0,"315":0,"316":0,"317":0,"318":0,"319":0,"320":0,"321":1,"322":0,"323":0,"324":0,"325":0,"326":0,"327":0,"328":0,"329":0,"330":0,"331":0,"332":0,"333":0,"334":0,"335":0,"336":1,"337":0,"338":0,"339":0,"340":0,"341":0,"342":1,"343":0,"344":1,"345":0,"346":0,"347":1,"348":0,"349":1,"350":0,"351":0,"352":1,"353":2,"354":2,"355":3,"356":3,"357":12,"358":12,"359":2,"360":1,"361":1,"362":1,"363":0,"364":0,"365":0,"366":0,"367":0,"368":0,"369":0,"370":0,"371":0,"372":0,"373":0,"374":0,"375":0,"376":0,"377":0,"378":0,"379":0,"380":1,"381":0,"382":0,"383":0,"384":0,"385":0,"386":0,"387":0,"388":0,"389":0,"390":0,"391":1,"392":0,"393":0,"394":0,"395":0,"396":0,"397":0,"398":0,"399":0,"400":0,"401":0,"402":0,"403":0,"404":0,"405":0,"406":0,"407":0,"408":0,"409":0,"410":0,"411":0,"412":0,"413":0,"414":0,"415":0,"416":0,"417":1,"418":0,"419":0,"420":0,"421":0,"422":0,"423":0,"424":1,"425":0,"426":0,"427":0,"428":0,"429":0,"430":0,"431":0,"432":0,"433":0,"434":0,"435":0,"436":0,"437":0,"438":0,"439":0,"440":0,"441":0,"442":0,"443":0,"444":0,"445":0,"446":0,"447":0,"448":0,"449":0,"450":0,"451":0,"452":0,"453":0,"454":0,"455":0,"456":0,"457":0,"458":0,"459":0,"460":0,"461":0,"462":0,"463":0,"464":0,"465":0,"466":0,"467":0,"468":0,"469":0,"470":0,"471":0,"472":0,"473":0,"474":0,"475":0,"476":0,"477":0,"478":0,"479":0,"480":0,"481":0,"482":1,"483":0,"484":1,"485":0,"486":0,"487":0,"488":0,"489":0,"490":0,"491":0,"492":0,"493":0,"494":0,"495":0,"496":0,"497":0,"498":0,"499":0,"500":0,"501":0,"502":0,"503":0,"504":0,"505":0,"506":0,"507":0,"508":0,"509":0,"510":0,"511":0,"512":0,"513":0,"514":1,"515":0,"516":0,"517":0,"518":0,"519":0,"520":0,"521":0,"522":0,"523":0,"524":0,"525":0,"526":0,"527":0,"528":0,"529":0,"530":0,"531":0,"532":0,"533":0,"534":0,"535":0,"536":0,"537":0,"538":1,"539":0,"540":0,"541":0,"542":0,"543":0,"544":1,"545":0,"546":0,"547":0,"548":0,"549":1,"550":0,"551":0,"552":0,"553":1,"554":0,"555":0,"556":0,"557":1,"558":0,"559":0,"560":0,"561":1,"562":0,"563":0,"564":0,"565":1,"566":0,"567":0,"568":0,"569":1,"570":0,"571":0,"572":0,"573":0,"574":0,"575":0,"576":0,"577":0,"578":0,"579":0,"580":0,"581":0,"582":0,"583":0,"584":0,"585":0,"586":0,"587":0,"588":0,"589":0,"590":0,"591":0,"592":0,"593":0,"594":0,"595":0,"596":0,"597":0,"598":0,"599":0,"600":0,"601":0,"602":0,"603":0,"604":0,"605":0,"606":0,"607":0,"608":0,"609":0,"610":0,"611":0,"612":0,"613":0,"614":0,"615":0,"616":0,"617":0,"618":0,"619":0,"620":0,"621":0,"622":0,"623":0,"624":0,"625":0,"626":1,"627":0,"628":0,"629":0,"630":0,"631":0,"632":0,"633":0,"634":0,"635":0,"636":0,"637":0,"638":0,"639":0,"640":0,"641":0,"642":0,"643":0,"644":0,"645":0,"646":0,"647":0,"648":0,"649":0,"650":0,"651":0,"652":0,"653":0,"654":0,"655":0,"656":0,"657":0,"658":0,"659":0,"660":0,"661":0,"662":0,"663":0,"664":0,"665":0,"666":0,"667":0,"668":0,"669":1,"670":0,"671":0,"672":0,"673":0,"674":0,"675":0,"676":0,"677":0,"678":1,"679":1,"680":1,"681":1,"682":1,"683":1,"684":1,"685":1,"686":0,"687":0,"688":0,"689":0,"690":0,"691":0,"692":0,"693":0,"694":0,"695":1,"696":0,"697":0,"698":0,"699":0,"700":0,"701":0,"702":0,"703":0,"704":0,"705":1,"706":0,"707":0,"708":0,"709":0,"710":0,"711":0,"712":1,"713":0,"714":0,"715":0,"716":0,"717":0,"718":0,"719":0,"720":0,"721":0,"722":0,"723":0,"724":0,"725":0,"726":1,"727":0,"728":0,"729":0,"730":0,"731":0,"732":0,"733":0,"734":0,"735":0,"736":0,"737":0,"738":0,"739":0,"740":1,"741":0,"742":0,"743":0,"744":0,"745":1,"746":0,"747":1,"748":0,"749":0,"750":0,"751":0,"752":0,"753":0,"754":0,"755":0,"756":0,"757":0,"758":0,"759":0,"760":0,"761":0,"762":0,"763":0,"764":0,"765":0,"766":0,"767":0,"768":0,"769":0,"770":0,"771":0,"772":0,"773":0,"774":0,"775":0,"776":0,"777":0,"778":0,"779":1,"780":1,"781":1,"782":1,"783":0,"784":0,"785":0,"786":0,"787":0,"788":0,"789":0,"790":0,"791":0,"792":1,"793":0,"794":0,"795":1,"796":0,"797":1,"798":1,"799":1,"800":1,"801":0,"802":0,"803":0,"804":0,"805":0,"806":0,"807":0,"808":1,"809":0,"810":0,"811":0,"812":0,"813":0,"814":0,"815":0,"816":0,"817":0,"818":0,"819":0,"820":0,"821":0,"822":0,"823":0,"824":0,"825":0,"826":0,"827":0,"828":0,"829":0,"830":0,"831":0,"832":0,"833":0,"834":0,"835":0,"836":0,"837":0,"838":0,"839":0,"840":0,"841":0,"842":0,"843":0,"844":0,"845":0,"846":0,"847":0,"848":0,"849":0,"850":0,"851":0,"852":0,"853":0,"854":0,"855":0,"856":0,"857":0,"858":0,"859":0,"860":0,"861":0,"862":0,"863":0,"864":0,"865":0,"866":0,"867":0,"868":0,"869":0,"870":0,"871":0,"872":0,"873":0,"874":0,"875":0,"876":0,"877":0,"878":0,"879":0,"880":0,"881":0,"882":0,"883":0,"884":0,"885":0,"886":0,"887":0,"888":0,"889":0,"890":0,"891":0,"892":0,"893":0,"894":0,"895":0,"896":0,"897":0,"898":0,"899":0,"900":0,"901":0,"902":0,"903":0,"904":0,"905":0,"906":0,"907":0,"908":0,"909":0,"910":0,"911":0,"912":0,"913":0,"914":0,"915":0,"916":0,"917":0,"918":0,"919":0,"920":0,"921":0,"922":0,"923":0,"924":0,"925":0,"926":0,"927":0,"928":0,"929":0,"930":0,"931":0,"932":0,"933":0,"934":0,"935":0,"936":0,"937":0,"938":0,"939":0,"940":0,"941":0,"942":0,"943":0,"944":0,"945":0,"946":0,"947":0,"948":1,"949":0,"950":1,"951":0,"952":0,"953":0,"954":0,"955":0,"956":0,"957":0,"958":1,"959":0,"960":0,"961":0,"962":0,"963":0,"964":0,"965":0,"966":1,"967":0,"968":0,"969":0,"970":0,"971":0,"972":0,"973":0,"974":0,"975":1,"976":0,"977":0,"978":0,"979":0,"980":0,"981":0,"982":1,"983":0,"984":0,"985":0,"986":0,"987":0,"988":0,"989":0,"990":1,"991":0,"992":0,"993":1,"994":0,"995":0,"996":0,"997":0,"998":0,"999":0,"1000":0,"1001":1,"1002":0,"1003":0,"1004":0,"1005":0,"1006":0,"1007":0,"1008":0,"1009":0,"1010":0,"1011":0,"1012":0,"1013":0,"1014":0,"1015":0,"1016":0,"1017":0,"1018":0,"1019":0,"1020":0,"1021":1,"1022":0,"1023":0,"1024":0,"1025":0,"1026":0,"1027":0,"1028":0,"1029":0,"1030":0,"1031":1,"1032":0,"1033":0,"1034":0,"1035":0,"1036":0,"1037":0,"1038":0,"1039":0,"1040":0,"1041":0,"1042":1,"1043":0,"1044":0,"1045":0,"1046":1,"1047":0,"1048":0,"1049":0,"1050":0,"1051":0,"1052":0,"1053":0,"1054":0,"1055":0,"1056":0,"1057":0,"1058":0,"1059":0,"1060":0,"1061":1,"1062":0,"1063":0,"1064":0,"1065":0,"1066":0,"1067":0,"1068":0,"1069":0,"1070":0,"1071":0,"1072":1,"1073":0,"1074":0,"1075":0,"1076":0,"1077":0,"1078":0,"1079":0,"1080":1,"1081":1,"1082":1,"1083":1,"1084":1,"1085":1,"1086":1,"1087":1,"1088":1,"1089":1,"1090":1,"1091":1,"1092":1,"1093":1,"1094":1,"1095":1,"1096":1,"1097":1,"1098":1,"1099":1,"1100":1,"1101":1,"1102":1,"1103":1,"1104":1,"1105":1},"b":{"1":[1,0],"2":[1,1],"3":[0,0],"4":[0,0],"5":[0,0],"6":[1,0],"7":[1,0,1],"8":[0,0],"9":[0,0,0],"10":[0,0],"11":[12,0,0],"12":[0,0],"13":[0,0],"14":[0,0],"15":[0,0],"16":[0,0],"17":[0,0],"18":[0,0],"19":[0,0],"20":[0,0],"21":[0,0,0],"22":[0,0],"23":[0,0],"24":[0,1],"25":[0,0],"26":[0,0],"27":[0,0],"28":[0,0],"29":[0,0],"30":[0,0],"31":[0,0],"32":[0,0],"33":[1,0],"34":[0,0],"35":[0,0],"36":[0,0],"37":[0,0],"38":[0,0],"39":[0,0],"40":[0,0],"41":[0,0],"42":[0,0],"43":[0,0],"44":[0,0],"45":[0,0],"46":[0,0],"47":[0,0],"48":[0,0],"49":[0,0],"50":[0,0],"51":[0,0],"52":[0,0],"53":[0,0],"54":[0,0],"55":[1,0],"56":[1,1],"57":[1,0],"58":[1,0],"59":[1,0,1],"60":[0,0],"61":[0,0],"62":[0,0,0],"63":[0,0],"64":[0,0],"65":[0,0],"66":[0,0],"67":[0,0],"68":[0,0],"69":[0,0],"70":[0,0],"71":[0,0],"72":[0,0],"73":[0,0],"74":[0,0],"75":[0,0],"76":[0,0],"77":[0,0],"78":[0,0],"79":[0,0,0],"80":[0,0],"81":[0,0],"82":[0,0],"83":[0,0],"84":[0,0],"85":[0,0],"86":[1,0],"87":[0,0],"88":[0,0],"89":[0,0],"90":[0,0,0],"91":[0,0],"92":[0,0,0],"93":[0,0],"94":[0,0],"95":[0,0],"96":[0,0],"97":[0,0],"98":[0,0],"99":[0,0],"100":[0,0],"101":[0,0],"102":[0,0],"103":[0,0],"104":[0,0],"105":[0,0],"106":[0,0],"107":[0,0],"108":[0,0],"109":[0,0],"110":[0,0],"111":[3,0],"112":[12,0],"113":[0,0],"114":[0,0],"115":[0,0],"116":[0,0],"117":[0,0],"118":[0,0],"119":[0,0],"120":[0,0],"121":[0,0],"122":[0,0],"123":[0,0],"124":[0,0],"125":[0,0],"126":[0,0],"127":[0,0],"128":[0,0],"129":[0,0],"130":[0,0],"131":[0,0],"132":[0,0],"133":[0,0],"134":[0,0],"135":[0,0,0],"136":[0,0],"137":[0,0],"138":[0,0],"139":[0,0],"140":[0,0],"141":[0,0],"142":[0,0],"143":[0,0],"144":[0,0],"145":[0,0],"146":[0,0],"147":[0,0],"148":[0,0],"149":[0,0],"150":[0,0],"151":[0,0],"152":[0,0],"153":[0,0],"154":[0,0],"155":[0,0],"156":[0,0],"157":[0,0],"158":[0,0],"159":[0,0],"160":[0,0],"161":[0,0],"162":[0,0],"163":[0,0],"164":[0,0],"165":[0,0],"166":[0,0],"167":[0,0],"168":[0,0],"169":[0,0],"170":[0,0],"171":[0,0],"172":[0,0],"173":[0,0],"174":[0,0],"175":[0,0],"176":[0,0],"177":[0,0],"178":[0,0],"179":[0,0],"180":[0,0],"181":[0,0],"182":[0,0],"183":[0,0],"184":[0,0],"185":[0,0],"186":[0,0],"187":[0,0],"188":[0,0],"189":[0,0],"190":[0,0],"191":[0,0],"192":[0,0],"193":[0,0],"194":[0,0],"195":[0,0],"196":[0,0],"197":[0,0],"198":[0,0],"199":[0,0],"200":[0,0],"201":[0,0,0],"202":[0,0],"203":[0,0],"204":[0,0,0,0],"205":[0,0],"206":[0,0],"207":[0,0],"208":[0,0],"209":[0,0],"210":[0,0],"211":[0,0],"212":[0,0],"213":[0,0],"214":[0,0],"215":[0,0],"216":[0,0],"217":[0,0],"218":[0,0],"219":[0,0],"220":[0,0],"221":[0,0],"222":[0,0,0],"223":[0,0],"224":[0,0],"225":[0,0],"226":[0,0],"227":[0,0],"228":[0,0],"229":[0,0],"230":[0,0],"231":[0,0],"232":[0,0,0],"233":[0,0],"234":[0,0,0],"235":[0,0],"236":[0,0],"237":[0,0],"238":[0,0],"239":[0,0],"240":[0,1],"241":[1,0],"242":[0,0],"243":[0,0],"244":[0,0],"245":[0,0],"246":[0,0],"247":[0,0],"248":[0,0],"249":[0,0,0],"250":[0,0,0],"251":[0,0],"252":[0,0],"253":[0,0],"254":[0,0],"255":[0,0],"256":[0,0],"257":[0,0],"258":[0,0],"259":[0,0],"260":[0,0],"261":[0,0],"262":[0,0],"263":[0,0],"264":[0,0],"265":[0,0],"266":[0,0],"267":[0,0],"268":[0,0],"269":[0,0],"270":[0,0],"271":[0,0],"272":[0,0],"273":[0,0],"274":[0,0],"275":[0,0],"276":[0,0],"277":[0,0],"278":[0,0],"279":[0,0],"280":[0,0],"281":[0,0],"282":[0,0],"283":[0,0],"284":[0,0],"285":[0,0],"286":[0,0],"287":[0,0],"288":[0,0],"289":[0,0],"290":[0,0],"291":[0,0],"292":[0,0],"293":[0,0],"294":[0,0],"295":[0,0],"296":[0,0],"297":[0,0],"298":[0,0],"299":[0,0],"300":[0,0],"301":[0,0,0,0],"302":[0,0],"303":[0,0],"304":[0,0],"305":[0,0],"306":[0,0],"307":[0,0],"308":[0,0],"309":[0,0],"310":[0,0],"311":[0,0],"312":[0,0,0],"313":[0,0],"314":[0,0],"315":[0,0],"316":[0,0],"317":[0,0],"318":[0,0],"319":[0,0],"320":[0,0],"321":[0,0],"322":[0,0],"323":[0,0],"324":[0,0],"325":[0,0],"326":[0,0],"327":[0,0],"328":[0,0],"329":[0,0],"330":[0,0],"331":[0,0],"332":[0,0],"333":[0,0],"334":[0,0],"335":[0,0],"336":[0,0],"337":[0,0],"338":[0,0],"339":[0,0],"340":[0,0],"341":[0,0,0],"342":[0,0],"343":[0,0],"344":[0,0],"345":[0,0,0],"346":[0,0],"347":[0,0],"348":[0,0],"349":[0,0],"350":[0,0],"351":[0,0],"352":[0,0],"353":[0,0],"354":[0,0],"355":[0,0],"356":[0,0],"357":[0,0],"358":[0,0],"359":[0,0],"360":[0,0],"361":[0,0],"362":[0,0],"363":[0,0],"364":[0,0],"365":[0,0],"366":[0,0],"367":[0,0],"368":[0,0],"369":[0,0],"370":[0,0],"371":[0,0],"372":[0,0],"373":[0,0],"374":[0,0],"375":[0,0],"376":[0,0],"377":[0,0],"378":[0,0],"379":[0,0],"380":[0,0],"381":[0,0],"382":[0,0],"383":[0,0],"384":[0,0],"385":[0,0],"386":[0,0],"387":[0,0],"388":[0,0],"389":[0,0],"390":[0,0],"391":[0,0]},"f":{"1":1,"2":1,"3":0,"4":0,"5":0,"6":12,"7":0,"8":0,"9":0,"10":12,"11":0,"12":0,"13":0,"14":0,"15":0,"16":0,"17":0,"18":0,"19":0,"20":0,"21":0,"22":0,"23":0,"24":0,"25":0,"26":0,"27":0,"28":0,"29":0,"30":0,"31":1,"32":1,"33":0,"34":1,"35":0,"36":0,"37":0,"38":0,"39":0,"40":0,"41":0,"42":1,"43":1,"44":0,"45":1,"46":1,"47":0,"48":0,"49":0,"50":0,"51":0,"52":0,"53":0,"54":0,"55":0,"56":0,"57":0,"58":0,"59":0,"60":0,"61":0,"62":0,"63":0,"64":0,"65":0,"66":0,"67":0,"68":0,"69":0,"70":2,"71":0,"72":0,"73":0,"74":0,"75":0,"76":0,"77":0,"78":0,"79":0,"80":0,"81":0,"82":0,"83":0,"84":0,"85":0,"86":0,"87":0,"88":0,"89":0,"90":0,"91":0,"92":0,"93":0,"94":0,"95":0,"96":0,"97":0,"98":0,"99":0,"100":0,"101":0,"102":0,"103":0,"104":0,"105":0,"106":0,"107":0,"108":0,"109":0,"110":0,"111":0,"112":0,"113":0,"114":0,"115":0,"116":0,"117":0,"118":0,"119":0,"120":0,"121":0,"122":0,"123":0,"124":0,"125":0,"126":0,"127":0,"128":0,"129":0,"130":0,"131":0,"132":0,"133":0,"134":0,"135":0,"136":0,"137":0,"138":0,"139":0,"140":0,"141":0,"142":0,"143":0,"144":0,"145":0,"146":0,"147":0,"148":0,"149":0,"150":0,"151":0,"152":0,"153":0,"154":0,"155":0,"156":0,"157":0,"158":0},"fnMap":{"1":{"name":"(anonymous_1)","line":2,"loc":{"start":{"line":2,"column":1},"end":{"line":2,"column":28}}},"2":{"name":"(anonymous_2)","line":6,"loc":{"start":{"line":6,"column":9},"end":{"line":6,"column":28}}},"3":{"name":"isBoolAttr","line":41,"loc":{"start":{"line":41,"column":0},"end":{"line":41,"column":27}}},"4":{"name":"isFunction","line":50,"loc":{"start":{"line":50,"column":0},"end":{"line":50,"column":27}}},"5":{"name":"isObject","line":60,"loc":{"start":{"line":60,"column":0},"end":{"line":60,"column":25}}},"6":{"name":"isUndefined","line":69,"loc":{"start":{"line":69,"column":0},"end":{"line":69,"column":28}}},"7":{"name":"isString","line":78,"loc":{"start":{"line":78,"column":0},"end":{"line":78,"column":25}}},"8":{"name":"isBlank","line":87,"loc":{"start":{"line":87,"column":0},"end":{"line":87,"column":24}}},"9":{"name":"isArray","line":96,"loc":{"start":{"line":96,"column":0},"end":{"line":96,"column":24}}},"10":{"name":"isWritable","line":106,"loc":{"start":{"line":106,"column":0},"end":{"line":106,"column":30}}},"11":{"name":"isReservedName","line":116,"loc":{"start":{"line":116,"column":0},"end":{"line":116,"column":31}}},"12":{"name":"$$","line":138,"loc":{"start":{"line":138,"column":0},"end":{"line":138,"column":27}}},"13":{"name":"$","line":148,"loc":{"start":{"line":148,"column":0},"end":{"line":148,"column":26}}},"14":{"name":"createFrag","line":156,"loc":{"start":{"line":156,"column":0},"end":{"line":156,"column":22}}},"15":{"name":"createDOMPlaceholder","line":164,"loc":{"start":{"line":164,"column":0},"end":{"line":164,"column":32}}},"16":{"name":"mkEl","line":173,"loc":{"start":{"line":173,"column":0},"end":{"line":173,"column":20}}},"17":{"name":"setInnerHTML","line":183,"loc":{"start":{"line":183,"column":0},"end":{"line":183,"column":39}},"skip":true},"18":{"name":"toggleVisibility","line":200,"loc":{"start":{"line":200,"column":0},"end":{"line":200,"column":37}}},"19":{"name":"remAttr","line":210,"loc":{"start":{"line":210,"column":0},"end":{"line":210,"column":28}}},"20":{"name":"styleObjectToString","line":221,"loc":{"start":{"line":221,"column":0},"end":{"line":221,"column":36}}},"21":{"name":"(anonymous_21)","line":222,"loc":{"start":{"line":222,"column":35},"end":{"line":222,"column":56}}},"22":{"name":"getAttr","line":233,"loc":{"start":{"line":233,"column":0},"end":{"line":233,"column":28}}},"23":{"name":"setAttr","line":243,"loc":{"start":{"line":243,"column":0},"end":{"line":243,"column":33}}},"24":{"name":"safeInsert","line":257,"loc":{"start":{"line":257,"column":0},"end":{"line":257,"column":38}}},"25":{"name":"walkAttrs","line":266,"loc":{"start":{"line":266,"column":0},"end":{"line":266,"column":29}}},"26":{"name":"walkNodes","line":280,"loc":{"start":{"line":280,"column":0},"end":{"line":280,"column":37}}},"27":{"name":"(anonymous_27)","line":322,"loc":{"start":{"line":322,"column":15},"end":{"line":322,"column":27}}},"28":{"name":"add","line":351,"loc":{"start":{"line":351,"column":7},"end":{"line":351,"column":31}}},"29":{"name":"inject","line":360,"loc":{"start":{"line":360,"column":10},"end":{"line":360,"column":28}}},"30":{"name":"(anonymous_30)","line":364,"loc":{"start":{"line":364,"column":11},"end":{"line":364,"column":23}}},"31":{"name":"(anonymous_31)","line":388,"loc":{"start":{"line":388,"column":16},"end":{"line":388,"column":33}},"skip":true},"32":{"name":"_loopback","line":431,"loc":{"start":{"line":431,"column":2},"end":{"line":431,"column":26}},"skip":true},"33":{"name":"_rewrite","line":433,"loc":{"start":{"line":433,"column":2},"end":{"line":433,"column":29}},"skip":true},"34":{"name":"_create","line":440,"loc":{"start":{"line":440,"column":2},"end":{"line":440,"column":26}},"skip":true},"35":{"name":"_brackets","line":458,"loc":{"start":{"line":458,"column":2},"end":{"line":458,"column":31}},"skip":true},"36":{"name":"split","line":462,"loc":{"start":{"line":462,"column":20},"end":{"line":462,"column":52}},"skip":true},"37":{"name":"unescapeStr","line":505,"loc":{"start":{"line":505,"column":4},"end":{"line":505,"column":29}},"skip":true},"38":{"name":"skipBraces","line":513,"loc":{"start":{"line":513,"column":4},"end":{"line":513,"column":36}},"skip":true},"39":{"name":"hasExpr","line":528,"loc":{"start":{"line":528,"column":22},"end":{"line":528,"column":45}},"skip":true},"40":{"name":"loopKeys","line":532,"loc":{"start":{"line":532,"column":23},"end":{"line":532,"column":48}},"skip":true},"41":{"name":"array","line":540,"loc":{"start":{"line":540,"column":20},"end":{"line":540,"column":42}},"skip":true},"42":{"name":"_reset","line":544,"loc":{"start":{"line":544,"column":2},"end":{"line":544,"column":25}},"skip":true},"43":{"name":"_setSettings","line":553,"loc":{"start":{"line":553,"column":2},"end":{"line":553,"column":28}},"skip":true},"44":{"name":"(anonymous_44)","line":560,"loc":{"start":{"line":560,"column":11},"end":{"line":560,"column":23}},"skip":true},"45":{"name":"(anonymous_45)","line":569,"loc":{"start":{"line":569,"column":9},"end":{"line":569,"column":21}},"skip":true},"46":{"name":"(anonymous_46)","line":593,"loc":{"start":{"line":593,"column":12},"end":{"line":593,"column":24}},"skip":true},"47":{"name":"_tmpl","line":597,"loc":{"start":{"line":597,"column":2},"end":{"line":597,"column":29}},"skip":true},"48":{"name":"(anonymous_48)","line":608,"loc":{"start":{"line":608,"column":21},"end":{"line":608,"column":33}},"skip":true},"49":{"name":"_logErr","line":612,"loc":{"start":{"line":612,"column":2},"end":{"line":612,"column":30}},"skip":true},"50":{"name":"_create","line":631,"loc":{"start":{"line":631,"column":2},"end":{"line":631,"column":25}},"skip":true},"51":{"name":"_getTmpl","line":646,"loc":{"start":{"line":646,"column":2},"end":{"line":646,"column":26}},"skip":true},"52":{"name":"(anonymous_52)","line":682,"loc":{"start":{"line":682,"column":37},"end":{"line":682,"column":55}},"skip":true},"53":{"name":"_parseExpr","line":698,"loc":{"start":{"line":698,"column":2},"end":{"line":698,"column":43}},"skip":true},"54":{"name":"(anonymous_54)","line":701,"loc":{"start":{"line":701,"column":30},"end":{"line":701,"column":48}},"skip":true},"55":{"name":"skipBraces","line":738,"loc":{"start":{"line":738,"column":4},"end":{"line":738,"column":33}},"skip":true},"56":{"name":"_wrapExpr","line":759,"loc":{"start":{"line":759,"column":2},"end":{"line":759,"column":41}},"skip":true},"57":{"name":"(anonymous_57)","line":762,"loc":{"start":{"line":762,"column":36},"end":{"line":762,"column":70}},"skip":true},"58":{"name":"(anonymous_58)","line":803,"loc":{"start":{"line":803,"column":19},"end":{"line":803,"column":32}},"skip":true},"59":{"name":"(anonymous_59)","line":832,"loc":{"start":{"line":832,"column":13},"end":{"line":832,"column":33}},"skip":true},"60":{"name":"(anonymous_60)","line":849,"loc":{"start":{"line":849,"column":13},"end":{"line":849,"column":33}},"skip":true},"61":{"name":"(anonymous_61)","line":874,"loc":{"start":{"line":874,"column":13},"end":{"line":874,"column":33}},"skip":true},"62":{"name":"on","line":875,"loc":{"start":{"line":875,"column":8},"end":{"line":875,"column":22}},"skip":true},"63":{"name":"(anonymous_63)","line":893,"loc":{"start":{"line":893,"column":13},"end":{"line":893,"column":29}},"skip":true},"64":{"name":"each","line":935,"loc":{"start":{"line":935,"column":0},"end":{"line":935,"column":24}}},"65":{"name":"contains","line":950,"loc":{"start":{"line":950,
[...]
serting or appending"," * @param { Tag } target - only if inserting, insert before this tag's first child"," */","function makeVirtual(src, target) {","  var this$1 = this;","","  var head = createDOMPlaceholder(),","    tail = createDOMPlaceholder(),","    frag = createFrag(),","    sib, el;","","  this.root.insertBefore(head, this.root.firstChild);","  this.root.appendChild(tail);","","  this.__.head = el = head;","  this.__.tail = tail;","","  while (el) {","    sib = el.nextSibling;","    frag.appendChild(el);","    this$1.__.virts.push(el); // hold for unmounting","    el = sib;","  }","","  if (target)","    { src.insertBefore(frag, target.__.head); }","  else","    { src.appendChild(frag); }","}","","/**"," * Move virtual tag and all child nodes"," * @this Tag"," * @param { Node } src  - the node that will do the inserting"," * @param { Tag } target - insert before this tag's first child"," */","function moveVirtual(src, target) {","  var this$1 = this;","","  var el = this.__.head,","    frag = createFrag(),","    sib;","","  while (el) {","    sib = el.nextSibling;","    frag.appendChild(el);","    el = sib;","    if (el === this$1.__.tail) {","      frag.appendChild(el);","      src.insertBefore(frag, target.__.head);","      break","    }","  }","}","","/**"," * Get selectors for tags"," * @param   { Array } tags - tag names to select"," * @returns { String } selector"," */","function selectTags(tags) {","  // select all tags","  if (!tags) {","    var keys = Object.keys(__TAG_IMPL);","    return keys + selectTags(keys)","  }","","  return tags","    .filter(function (t) { return !/[^-\\w]/.test(t); })","    .reduce(function (list, t) {","      var name = t.trim().toLowerCase();","      return list + \",[\" + IS_DIRECTIVE + \"=\\\"\" + name + \"\\\"]\"","    }, '')","}","","","var tags = Object.freeze({","\tgetTag: getTag,","\tinheritFrom: inheritFrom,","\tmoveChildTag: moveChildTag,","\tinitChildTag: initChildTag,","\tgetImmediateCustomParentTag: getImmediateCustomParentTag,","\tunmountAll: unmountAll,","\tgetTagName: getTagName,","\tcleanUpData: cleanUpData,","\tarrayishAdd: arrayishAdd,","\tarrayishRemove: arrayishRemove,","\tmountTo: mountTo,","\tmakeReplaceVirtual: makeReplaceVirtual,","\tmakeVirtual: makeVirtual,","\tmoveVirtual: moveVirtual,","\tselectTags: selectTags","});","","/**"," * Riot public api"," */","var settings = settings$1;","var util = {","  tmpl: tmpl,","  brackets: brackets,","  styleManager: styleManager,","  vdom: __TAGS_CACHE,","  styleNode: styleManager.styleNode,","  // export the riot internal utils as well","  dom: dom,","  check: check,","  misc: misc,","  tags: tags","};","","// export the core props/methods","var Tag$$1 = Tag$2;","var tag$$1 = tag$1;","var tag2$$1 = tag2$1;","var mount$$1 = mount$1;","var mixin$$1 = mixin$1;","var update$$1 = update$1;","var unregister$$1 = unregister$1;","var version$$1 = version$1;","var observable = observable$1;","","var riot$1 = extend({}, core, {","  observable: observable$1,","  settings: settings,","  util: util,","});","","exports.settings = settings;","exports.util = util;","exports.Tag = Tag$$1;","exports.tag = tag$$1;","exports.tag2 = tag2$$1;","exports.mount = mount$$1;","exports.mixin = mixin$$1;","exports.update = update$$1;","exports.unregister = unregister$$1;","exports.version = version$$1;","exports.observable = observable;","exports['default'] = riot$1;","","Object.defineProperty(exports, '__esModule', { value: true });","","})));",""],"l":{"2":1,"3":1,"8":1,"9":1,"10":1,"11":1,"12":1,"13":1,"14":1,"15":1,"16":1,"17":1,"18":1,"19":1,"20":1,"21":1,"22":1,"23":1,"24":1,"25":1,"26":1,"27":1,"28":1,"29":1,"30":1,"31":1,"32":1,"33":1,"34":1,"41":1,"42":0,"50":1,"51":0,"60":1,"61":0,"69":1,"70":12,"78":1,"79":0,"87":1,"88":0,"96":1,"97":0,"106":1,"107":12,"108":12,"116":1,"117":0,"120":1,"138":1,"139":0,"148":1,"149":0,"156":1,"157":0,"164":1,"165":0,"173":1,"174":0,"183":1,"184":1,"185":1,"188":1,"189":1,"190":1,"200":1,"201":0,"202":0,"210":1,"211":0,"221":1,"222":0,"223":0,"233":1,"234":0,"243":1,"244":0,"245":0,"246":0,"248":0,"257":1,"258":0,"266":1,"267":0,"268":0,"269":0,"270":0,"271":0,"280":1,"281":0,"282":0,"283":0,"285":0,"287":0,"289":0,"290":0,"291":0,"292":0,"297":1,"314":1,"315":1,"316":1,"317":1,"318":1,"321":1,"322":0,"324":0,"325":0,"328":0,"330":1,"331":1,"332":1,"334":1,"336":0,"338":0,"344":1,"352":0,"353":0,"354":0,"361":0,"362":0,"363":0,"364":0,"367":1,"368":1,"388":1,"390":1,"413":1,"425":1,"431":1,"433":1,"434":1,"435":1,"440":1,"441":1,"443":1,"445":1,"446":1,"448":1,"450":1,"451":1,"452":1,"453":1,"454":1,"455":1,"458":1,"459":1,"462":1,"464":1,"466":1,"474":1,"476":1,"478":1,"480":1,"482":1,"483":1,"484":1,"486":1,"487":1,"491":1,"492":1,"493":1,"494":1,"495":1,"499":1,"500":1,"503":1,"505":1,"506":1,"507":1,"509":1,"513":1,"514":1,"518":1,"519":1,"520":1,"521":1,"522":1,"524":1,"528":1,"529":1,"532":1,"533":1,"535":1,"540":1,"541":1,"544":1,"545":1,"546":1,"547":1,"548":1,"550":1,"553":1,"554":1,"556":1,"557":1,"558":1,"560":1,"563":1,"564":1,"567":1,"569":1,"573":1,"574":1,"576":1,"577":1,"578":1,"580":1,"593":1,"595":1,"597":1,"598":1,"600":1,"603":1,"605":1,"608":1,"610":1,"612":1,"614":1,"619":1,"620":1,"624":1,"625":1,"627":1,"631":1,"632":1,"634":1,"636":1,"639":1,"646":1,"647":1,"652":1,"653":1,"655":1,"657":1,"659":1,"669":1,"673":1,"678":1,"681":1,"682":1,"683":1,"688":1,"691":1,"698":1,"700":1,"702":1,"707":1,"708":1,"713":1,"717":1,"722":1,"723":1,"725":1,"727":1,"728":1,"730":1,"733":1,"736":1,"738":1,"739":1,"744":1,"745":1,"746":1,"747":1,"749":1,"754":1,"759":1,"760":1,"762":1,"763":1,"764":1,"766":1,"767":1,"768":1,"769":1,"770":1,"773":1,"776":1,"777":1,"780":1,"782":1,"786":1,"788":1,"793":1,"796":1,"798":1,"803":1,"810":1,"815":1,"823":1,"833":1,"834":1,"835":1,"850":1,"852":1,"853":1,"854":1,"855":1,"857":1,"859":1,"875":1,"876":1,"877":1,"879":1,"894":1,"898":1,"904":1,"905":1,"908":1,"910":1,"911":1,"914":1,"915":1,"917":1,"925":1,"935":1,"936":0,"937":0,"938":0,"939":0,"941":0,"950":1,"951":0,"959":1,"960":0,"969":1,"970":0,"981":1,"982":0,"988":0,"1001":1,"1002":2,"1003":2,"1004":3,"1005":3,"1007":12,"1008":12,"1012":2,"1015":1,"1024":1,"1034":1,"1035":0,"1038":0,"1039":0,"1040":0,"1041":0,"1046":1,"1048":1,"1050":1,"1052":0,"1054":0,"1056":0,"1057":0,"1059":0,"1070":1,"1071":0,"1075":0,"1078":0,"1079":0,"1080":0,"1082":0,"1083":0,"1092":1,"1093":0,"1095":0,"1096":0,"1097":0,"1100":0,"1102":0,"1105":0,"1106":0,"1107":0,"1108":0,"1111":0,"1114":0,"1115":0,"1116":0,"1117":0,"1118":0,"1119":0,"1120":0,"1121":0,"1124":0,"1125":0,"1128":0,"1129":0,"1130":0,"1139":1,"1140":0,"1141":0,"1142":0,"1143":0,"1152":1,"1153":0,"1155":0,"1168":0,"1169":0,"1170":0,"1173":0,"1174":0,"1175":0,"1178":0,"1181":0,"1184":0,"1185":0,"1188":0,"1189":0,"1190":0,"1191":0,"1192":0,"1193":0,"1199":0,"1200":0,"1201":0,"1204":0,"1205":0,"1208":0,"1210":0,"1213":0,"1216":0,"1218":0,"1221":0,"1222":0,"1223":0,"1224":0,"1226":0,"1228":0,"1232":0,"1233":0,"1234":0,"1238":0,"1239":0,"1241":0,"1242":0,"1245":0,"1246":0,"1249":0,"1250":0,"1253":0,"1254":0,"1259":0,"1268":1,"1269":0,"1272":1,"1274":0,"1275":0,"1276":0,"1277":0,"1278":0,"1280":0,"1281":0,"1282":0,"1284":0,"1287":0,"1289":0,"1290":0,"1291":0,"1292":0,"1293":0,"1294":0,"1295":0,"1296":0,"1297":0,"1298":0,"1299":0,"1301":0,"1302":0,"1305":0,"1308":0,"1309":0,"1310":0,"1311":0,"1315":1,"1317":0,"1318":0,"1319":0,"1320":0,"1321":0,"1322":0,"1325":0,"1326":0,"1328":0,"1330":0,"1333":0,"1335":0,"1337":0,"1340":0,"1349":0,"1353":0,"1354":0,"1355":0,"1356":0,"1357":0,"1358":0,"1375":1,"1376":0,"1377":0,"1378":0,"1379":0,"1387":1,"1388":0,"1391":0,"1392":0,"1393":0,"1404":1,"1405":0,"1406":0,"1407":0,"1415":1,"1416":0,"1418":0,"1419":0,"1430":1,"1431":0,"1432":0,"1434":0,"1444":1,"1445":0,"1446":0,"1448":0,"1457":1,"1458":0,"1459":0,"1461":0,"1471":1,"1474":0,"1476":0,"1491":0,"1492":0,"1494":0,"1497":0,"1498":0,"1500":0,"1502":0,"1504":0,"1510":0,"1511":0,"1512":0,"1514":0,"1517":0,"1520":0,"1521":0,"1522":0,"1523":0,"1525":0,"1530":0,"1532":0,"1542":0,"1545":0,"1546":0,"1557":0,"1559":0,"1560":0,"1562":0,"1564":0,"1565":0,"1566":0,"1567":0,"1569":0,"1570":0,"1572":0,"1574":0,"1578":0,"1582":0,"1587":0,"1588":0,"1589":0,"1591":0,"1595":0,"1598":0,"1600":0,"1603":0,"1604":0,"1607":0,"1618":1,"1619":0,"1621":0,"1623":0,"1624":0,"1625":0,"1628":0,"1629":0,"1631":0,"1633":0,"1636":0,"1637":0,"1638":0,"1639":0,"1644":0,"1645":0,"1646":0,"1649":0,"1650":0,"1651":0,"1652":0,"1658":0,"1659":0,"1660":0,"1661":0,"1662":0,"1665":0,"1666":0,"1669":0,"1671":0,"1674":0,"1676":0,"1677":0,"1678":0,"1683":0,"1684":0,"1685":0,"1690":0,"1702":1,"1703":0,"1705":0,"1706":0,"1708":0,"1709":0,"1710":0,"1711":0,"1714":0,"1724":1,"1725":1,"1726":1,"1727":1,"1728":1,"1729":1,"1730":1,"1737":1,"1739":0,"1745":0,"1746":0,"1751":1,"1752":1,"1755":1,"1756":1,"1758":0,"1765":1,"1767":0,"1770":0,"1772":0,"1773":0,"1774":0,"1777":0,"1779":0,"1782":0,"1795":1,"1796":0,"1801":0,"1804":1,"1805":1,"1807":1,"1809":0,"1818":1,"1820":0,"1821":0,"1822":0,"1823":0,"1824":0,"1825":0,"1827":0,"1828":0,"1830":0,"1834":0,"1836":0,"1838":0,"1850":1,"1851":0,"1852":0,"1854":0,"1855":0,"1856":0,"1858":0,"1861":0,"1862":0,"1863":0,"1865":0,"1868":0,"1869":0,"1871":0,"1883":1,"1884":0,"1886":0,"1888":0,"1898":1,"1899":0,"1901":1,"1902":0,"1903":0,"1906":0,"1907":0,"1908":0,"1911":0,"1913":0,"1914":0,"1915":0,"1916":0,"1920":0,"1922":0,"1923":0,"1924":0,"1927":0,"1928":0,"1931":0,"1932":0,"1941":0,"1945":0,"1948":0,"1950":0,"1952":0,"1953":0,"1956":0,"1958":0,"1960":0,"1963":0,"1966":0,"1968":0,"1972":1,"1973":1,"1974":1,"1983":1,"1985":0,"1986":0,"1987":0,"1990":0,"1993":0,"1994":0,"1995":0,"1997":0,"2001":0,"2010":1,"2011":0,"2014":1,"2015":0,"2018":1,"2021":1,"2033":1,"2045":1,"2049":0,"2051":0,"2052":0,"2053":0,"2055":0,"2067":1,"2068":0,"2069":0,"2071":0,"2088":0,"2090":0,"2093":0,"2095":0,"2115":0,"2116":0,"2117":0,"2119":0,"2120":0,"2121":0,"2123":0,"2130":0,"2131":0,"2136":0,"2137":0,"2138":0,"2140":0,"2141":0,"2145":0,"2146":0,"2147":0,"2148":0,"2149":0,"2151":0,"2159":0,"2160":0,"2162":0,"2163":0,"2164":0,"2167":0,"2169":0,"2172":0,"2174":0,"2175":0,"2177":0,"2180":0,"2184":0,"2187":0,"2189":0,"2190":0,"2193":0,"2194":0,"2196":0,"2204":0,"2205":0,"2207":0,"2214":0,"2215":0,"2217":0,"2220":0,"2221":0,"2222":0,"2223":0,"2227":0,"2228":0,"2229":0,"2230":0,"2231":0,"2235":0,"2238":0,"2240":0,"2241":0,"2242":0,"2243":0,"2248":0,"2250":0,"2253":0,"2255":0,"2257":0,"2258":0,"2261":0,"2262":0,"2264":0,"2267":0,"2268":0,"2272":0,"2273":0,"2274":0,"2278":0,"2287":0,"2288":0,"2290":0,"2295":0,"2298":0,"2299":0,"2300":0,"2301":0,"2305":0,"2306":0,"2307":0,"2312":0,"2313":0,"2315":0,"2316":0,"2317":0,"2319":0,"2320":0,"2321":0,"2324":0,"2325":0,"2326":0,"2330":0,"2333":0,"2336":0,"2339":0,"2340":0,"2341":0,"2346":0,"2347":0,"2350":0,"2352":0,"2353":0,"2354":0,"2357":0,"2359":0,"2361":0,"2371":1,"2372":0,"2382":1,"2383":0,"2385":0,"2387":0,"2389":0,"2392":0,"2393":0,"2404":1,"2405":0,"2408":0,"2410":0,"2412":0,"2413":0,"2414":0,"2425":1,"2426":0,"2430":0,"2434":0,"2437":0,"2440":0,"2441":0,"2445":0,"2447":0,"2455":1,"2456":0,"2457":0,"2458":0,"2459":0,"2461":0,"2468":1,"2469":0,"2470":0,"2471":0,"2472":0,"2482":1,"2483":0,"2485":0,"2495":1,"2496":0,"2497":0,"2499":0,"2500":0,"2501":0,"2503":0,"2515":1,"2516":0,"2517":0,"2518":0,"2520":0,"2523":0,"2524":0,"2527":0,"2528":0,"2530":0,"2532":0,"2534":0,"2535":0,"2537":0,"2539":0,"2551":1,"2552":0,"2553":0,"2554":0,"2555":0,"2556":0,"2558":0,"2569":1,"2570":0,"2577":0,"2579":0,"2581":0,"2583":0,"2584":0,"2586":0,"2589":0,"2598":1,"2599":0,"2600":0,"2601":0,"2610":1,"2611":0,"2613":0,"2618":0,"2619":0,"2621":0,"2622":0,"2624":0,"2625":0,"2626":0,"2627":0,"2628":0,"2631":0,"2632":0,"2634":0,"2643":1,"2644":0,"2646":0,"2650":0,"2651":0,"2652":0,"2653":0,"2654":0,"2655":0,"2656":0,"2657":0,"2667":1,"2669":0,"2670":0,"2671":0,"2674":0,"2675":0,"2677":0,"2678":0,"2683":1,"2704":1,"2705":1,"2719":1,"2720":1,"2721":1,"2722":1,"2723":1,"2724":1,"2725":1,"2726":1,"2727":1,"2729":1,"2735":1,"2736":1,"2737":1,"2738":1,"2739":1,"2740":1,"2741":1,"2742":1,"2743":1,"2744":1,"2745":1,"2746":1,"2748":1}},"/home/travis/build/npmtest/node-npmtest-riot/riot/lib/server/sdom.js":{"path":"/home/travis/build/npmtest/node-npmtest-riot/riot/lib/server/sdom.js","s":{"1":1,"2":1,"3":1,"4":1,"5":1,"6":1,"7":0,"8":0,"9":0,"10":0,"11":0,"12":0,"13":0,"14":0,"15":0,"16":1,"17":0,"18":1,"19":0,"20":1,"21":0,"22":0,"23":0,"24":0,"25":1,"26":0,"27":0,"28":0,"29":0,"30":1,"31":0,"32":0,"33":0,"34":1,"35":0,"36":0,"37":0,"38":0,"39":0},"b":{"1":[1,0],"2":[0,0],"3":[0,0]},"f":{"1":0,"2":0,"3":0,"4":0,"5":0,"6":0,"7":0,"8":0,"9":0,"10":0},"fnMap":{"1":{"name":"(anonymous_1)","line":18,"loc":{"start":{"line":18,"column":7},"end":{"line":18,"column":22}}},"2":{"name":"(anonymous_2)","line":23,"loc":{"start":{"line":23,"column":7},"end":{"line":23,"column":18}}},"3":{"name":"(anonymous_3)","line":39,"loc":{"start":{"line":39,"column":9},"end":{"line":39,"column":28}}},"4":{"name":"(anonymous_4)","line":45,"loc":{"start":{"line":45,"column":9},"end":{"line":45,"column":24}}},"5":{"name":"(anonymous_5)","line":52,"loc":{"start":{"line":52,"column":7},"end":{"line":52,"column":21}}},"6":{"name":"(anonymous_6)","line":63,"loc":{"start":{"line":63,"column":7},"end":{"line":63,"column":18}}},"7":{"name":"(anonymous_7)","line":73,"loc":{"start":{"line":73,"column":7},"end":{"line":73,"column":18}}},"8":{"name":"(anonymous_8)","line":76,"loc":{"start":{"line":76,"column":11},"end":{"line":76,"column":27}}},"9":{"name":"(anonymous_9)","line":84,"loc":{"start":{"line":84,"column":9},"end":{"line":84,"column":24}}},"10":{"name":"(anonymous_10)","line":90,"loc":{"start":{"line":90,"column":13},"end":{"line":90,"column":27}}}},"statementMap":{"1":{"start":{"line":3,"column":0},"end":{"line":3,"column":37}},"2":{"start":{"line":4,"column":0},"end":{"line":4,"column":54}},"3":{"start":{"line":7,"column":0},"end":{"line":11,"column":1}},"4":{"start":{"line":9,"column":2},"end":{"line":9,"column":37}},"5":{"start":{"line":14,"column":0},"end":{"line":14,"column":49}},"6":{"start":{"line":17,"column":0},"end":{"line":34,"column":2}},"7":{"start":{"line":19,"column":4},"end":{"line":19,"column":31}},"8":{"start":{"line":20,"column":4},"end":{"line":20,"column":61}},"9":{"start":{"line":20,"column":28},"end":{"line":20,"column":61}},"10":{"start":{"line":21,"column":4},"end":{"line":21,"column":26}},"11":{"start":{"line":24,"column":4},"end":{"line":25,"column":28}},"12":{"start":{"line":27,"column":4},"end":{"line":30,"column":5}},"13":{"start":{"line":28,"column":6},"end":{"line":28,"column":34}},"14":{"start":{"line":29,"column":6},"end":{"line":29,"column":29}},"15":{"start":{"line":32,"column":4},"end":{"line":32,"column":15}},"16":{"start":{"line":38,"column":0},"end":{"line":42,"column":2}},"17":{"start":{"line":40,"column":4},"end":{"line":40,"column":28}},"18":{"start":{"line":44,"column":0},"end":{"line":48,"column":2}},"19":{"start":{"line":46,"column":4},"end":{"line":46,"column":30}},"20":{"start":{"line":51,"column":0},"end":{"line":59,"column":2}},"21":{"start":{"line":53,"column":4},"end":{"line":53,"column":21}},"22":{"start":{"line":54,"column":4},"end":{"line":57,"column":5}},"23":{"start":{"line":55,"column":6},"end":{"line":55,"column":37}},"24":{"start":{"line":56,"column":6},"end":{"line":56,"column":22}},"25":{"start":{"line":62,"column":0},"end":{"line":69,"column":2}},"26":{"start":{"line":64,"column":4},"end":{"line":64,"column":35}},"27":{"start":{"line":65,"column":4},"end":{"line":65,"column":69}},"28":{"start":{"line":66,"column":4},"end":{"line":66,"column":50}},"29":{"start":{"line":67,"column":4},"end":{"line":67,"column":34}},"30":{"start":{"line":72,"column":0},"end":{"line":81,"column":2}},"31":{"start":{"line":74,"column":4},"end":{"line":74,"column":17}},"32":{"start":{"line":75,"column":4},"end":{"line":79,"column":6}},"33":{"start":{"line":77,"column":8},"end":{"line":77,"column":59}},"34":{"start":{"line":83,"column":0},"end":{"line":95,"column":1}},"35":{"start":{"line":86,"column":4},"end":{"line":86,"column":40}},"36":{"start":{"line":87,"column":4},"end":{"line":87,"column":93}},"37":{"start":{"line":88,"column":4},"end":{"line":88,"column":29}},"38":{"start":{"line":92,"column":4},"end":{"line":92,"column":68}},"39":{"start":{"line":93,"column":4},"end":{"line":93,"column":36}}},"branchMap":{"1":{"line":7,"type":"if","locations":[{"start":{"line":7,"column":0},"end":{"line":7,"column":0}},{"start":{"line":7,"column":0},"end":{"line":7,"column":0}}]},"2":{"line":54,"type":"if","locations":[{"start":{"line":54,"column":4},"end":{"line":54,"column":4}},{"start":{"line":54,"column":4},"end":{"line":54,"column":4}}]},"3":{"line":67,"type":"cond-expr","locations":[{"start":{"line":67,"column":19},"end":{"line":67,"column":27}},{"start":{"line":67,"column":30},"end":{"line":67,"column":34}}]}},"code":["// simple-dom helper","","var simpleDom = require('simple-dom')","var simpleTokenizer = require('simple-html-tokenizer')","","// create `document` to make riot work","if (typeof window === 'undefined') {","  /*eslint-disable*/","  document = new simpleDom.Document()","  /*eslint-enable*/","}","","// easy like a pie! closes #1780","document.createElementNS = document.createElement","","// add `innerHTML` property to simple-dom element","Object.defineProperty(simpleDom.Element.prototype, 'innerHTML', {","  set: function(html) {","    var frag = sdom.parse(html)","    while (this.firstChild) this.removeChild(this.firstChild)","    this.appendChild(frag)","  },","  get: function() {","    var html = '',","      next = this.firstChild","","    while (next) {","      html += sdom.serialize(next)","      next = next.nextSibling","    }","","    return html","  }","})","","","// add `addEventListener` property to simple-dom element","Object.defineProperty(simpleDom.Element.prototype, 'addEventListener', {","  value: function(type, fn) {","    this[`on${ type }`] = fn","  }","})","","Object.defineProperty(simpleDom.Element.prototype, 'removeEventListener', {","  value: function(type) {","    this[`on${ type }`] = null","  }","})","","// set the value attribute correctly on the input tags","Object.defineProperty(simpleDom.Element.prototype, 'value', {","  set: function(val) {","    val = String(val) // make sure it's always a string","    if (this.getAttribute('value') !== val) {","      this.setAttribute('value', val)","      this.value = val","    }","  }","})","","// add `outerHTML` property to simple-dom element","Object.defineProperty(simpleDom.Element.prototype, 'outerHTML', {","  get: function() {","    var html = sdom.serialize(this)","    var rxstr = '^(<' + this.tagName + '>.*?</' + this.tagName + '>)'","    var match = html.match(new RegExp(rxstr, 'i'))","    return match ? match[0] : html","  }","})","","// add `style` property to simple-dom element","Object.defineProperty(simpleDom.Element.prototype, 'style', {","  get: function() {","    var el = this","    return Object.defineProperty({}, 'display', {","      set: function(value) {","        el.setAttribute('style', 'display: ' + value + ';')","      }","    })","  }","})","","var sdom = module.exports = {","  parse: function(html) {","    // parse html string to simple-dom document","    var blank = new simpleDom.Document()","    var parser = new simpleDom.HTMLParser(simpleTokenizer.tokenize, blank, simpleDom.voidMap)","    return parser.parse(html)","  },","  serialize: function(doc) {","    // serialize simple-dom document to html string","    var serializer = new simpleDom.HTMLSerializer(simpleDom.voidMap)","    return serializer.serialize(doc)","  }","}",""],"l":{"3":1,"4":1,"7":1,"9":1,"14":1,"17":1,"19":0,"20":0,"21":0,"24":0,"27":0,"28":0,"29":0,"32":0,"38":1,"40":0,"44":1,"46":0,"51":1,"53":0,"54":0,"55":0,"56":0,"62":1,"64":0,"65":0,"66":0,"67":0,"72":1,"74":0,"75":0,"77":0,"83":1,"86":0,"87":0,"88":0,"92":0,"93":0}}}